2024-07-20 17:54:39.037 [info] Extension host with pid 20044 started
2024-07-20 17:54:39.064 [info] Lock '/home/azureuser/.vscode-server/data/User/workspaceStorage/f7fd4590668ba223b9d0b2df5a19e671/vscode.lock': Lock acquired.
2024-07-20 17:54:40.199 [info] ExtensionService#_doActivateExtension vscode.git-base, startup: true, activationEvent: '*'
2024-07-20 17:54:40.553 [info] ExtensionService#_doActivateExtension vscode.github, startup: true, activationEvent: '*'
2024-07-20 17:54:41.097 [info] ExtensionService#_doActivateExtension vscode.git, startup: false, activationEvent: '*'
2024-07-20 17:54:41.245 [info] Eager extensions activated
2024-07-20 17:54:41.246 [info] ExtensionService#_doActivateExtension vscode.debug-auto-launch, startup: false, activationEvent: 'onStartupFinished'
2024-07-20 17:54:41.247 [info] ExtensionService#_doActivateExtension vscode.merge-conflict, startup: false, activationEvent: 'onStartupFinished'
2024-07-20 17:54:46.572 [info] ExtensionService#_doActivateExtension vscode.emmet, startup: false, activationEvent: 'onLanguage'
2024-07-20 18:00:11.976 [info] Extension host terminating: renderer disconnected for too long (2)
2024-07-20 18:00:11.978 [info] Lock '/home/azureuser/.vscode-server/data/User/workspaceStorage/f7fd4590668ba223b9d0b2df5a19e671/vscode.lock': Marking the lockfile as scheduled to be released in 6000 ms.
2024-07-20 18:00:12.003 [error] Canceled: Canceled
	at Object.l [as $9] (/home/azureuser/.vscode-server/cli/servers/Stable-f1e16e1e6214d7c44d078b1f0607b2388f29d729/server/out/vs/workbench/api/node/extensionHostProcess.js:10:1082)
	at /home/azureuser/.vscode-server/cli/servers/Stable-f1e16e1e6214d7c44d078b1f0607b2388f29d729/server/out/vs/workbench/api/node/extensionHostProcess.js:153:2406
	at Array.forEach (<anonymous>)
	at S.dispose (/home/azureuser/.vscode-server/cli/servers/Stable-f1e16e1e6214d7c44d078b1f0607b2388f29d729/server/out/vs/workbench/api/node/extensionHostProcess.js:153:2344)
	at m.terminate (/home/azureuser/.vscode-server/cli/servers/Stable-f1e16e1e6214d7c44d078b1f0607b2388f29d729/server/out/vs/workbench/api/node/extensionHostProcess.js:162:8151)
	at d.terminate (/home/azureuser/.vscode-server/cli/servers/Stable-f1e16e1e6214d7c44d078b1f0607b2388f29d729/server/out/vs/workbench/api/node/extensionHostProcess.js:166:1513)
	at i (/home/azureuser/.vscode-server/cli/servers/Stable-f1e16e1e6214d7c44d078b1f0607b2388f29d729/server/out/vs/workbench/api/node/extensionHostProcess.js:179:10617)
	at F.a (/home/azureuser/.vscode-server/cli/servers/Stable-f1e16e1e6214d7c44d078b1f0607b2388f29d729/server/out/vs/workbench/api/node/extensionHostProcess.js:179:7285)
	at F.h (/home/azureuser/.vscode-server/cli/servers/Stable-f1e16e1e6214d7c44d078b1f0607b2388f29d729/server/out/vs/workbench/api/node/extensionHostProcess.js:100:21239)
	at listOnTimeout (node:internal/timers:573:17)
	at process.processTimers (node:internal/timers:514:7) setContext undefined
2024-07-20 18:00:12.003 [error] Canceled: Canceled
	at Object.l [as $9] (/home/azureuser/.vscode-server/cli/servers/Stable-f1e16e1e6214d7c44d078b1f0607b2388f29d729/server/out/vs/workbench/api/node/extensionHostProcess.js:10:1082)
	at /home/azureuser/.vscode-server/cli/servers/Stable-f1e16e1e6214d7c44d078b1f0607b2388f29d729/server/out/vs/workbench/api/node/extensionHostProcess.js:153:2406
	at Array.forEach (<anonymous>)
	at S.dispose (/home/azureuser/.vscode-server/cli/servers/Stable-f1e16e1e6214d7c44d078b1f0607b2388f29d729/server/out/vs/workbench/api/node/extensionHostProcess.js:153:2344)
	at m.terminate (/home/azureuser/.vscode-server/cli/servers/Stable-f1e16e1e6214d7c44d078b1f0607b2388f29d729/server/out/vs/workbench/api/node/extensionHostProcess.js:162:8151)
	at d.terminate (/home/azureuser/.vscode-server/cli/servers/Stable-f1e16e1e6214d7c44d078b1f0607b2388f29d729/server/out/vs/workbench/api/node/extensionHostProcess.js:166:1513)
	at i (/home/azureuser/.vscode-server/cli/servers/Stable-f1e16e1e6214d7c44d078b1f0607b2388f29d729/server/out/vs/workbench/api/node/extensionHostProcess.js:179:10617)
	at F.a (/home/azureuser/.vscode-server/cli/servers/Stable-f1e16e1e6214d7c44d078b1f0607b2388f29d729/server/out/vs/workbench/api/node/extensionHostProcess.js:179:7285)
	at F.h (/home/azureuser/.vscode-server/cli/servers/Stable-f1e16e1e6214d7c44d078b1f0607b2388f29d729/server/out/vs/workbench/api/node/extensionHostProcess.js:100:21239)
	at listOnTimeout (node:internal/timers:573:17)
	at process.processTimers (node:internal/timers:514:7) setContext undefined
2024-07-20 18:00:12.003 [error] Canceled: Canceled
	at Object.l [as $9] (/home/azureuser/.vscode-server/cli/servers/Stable-f1e16e1e6214d7c44d078b1f0607b2388f29d729/server/out/vs/workbench/api/node/extensionHostProcess.js:10:1082)
	at /home/azureuser/.vscode-server/cli/servers/Stable-f1e16e1e6214d7c44d078b1f0607b2388f29d729/server/out/vs/workbench/api/node/extensionHostProcess.js:153:2406
	at Array.forEach (<anonymous>)
	at S.dispose (/home/azureuser/.vscode-server/cli/servers/Stable-f1e16e1e6214d7c44d078b1f0607b2388f29d729/server/out/vs/workbench/api/node/extensionHostProcess.js:153:2344)
	at m.terminate (/home/azureuser/.vscode-server/cli/servers/Stable-f1e16e1e6214d7c44d078b1f0607b2388f29d729/server/out/vs/workbench/api/node/extensionHostProcess.js:162:8151)
	at d.terminate (/home/azureuser/.vscode-server/cli/servers/Stable-f1e16e1e6214d7c44d078b1f0607b2388f29d729/server/out/vs/workbench/api/node/extensionHostProcess.js:166:1513)
	at i (/home/azureuser/.vscode-server/cli/servers/Stable-f1e16e1e6214d7c44d078b1f0607b2388f29d729/server/out/vs/workbench/api/node/extensionHostProcess.js:179:10617)
	at F.a (/home/azureuser/.vscode-server/cli/servers/Stable-f1e16e1e6214d7c44d078b1f0607b2388f29d729/server/out/vs/workbench/api/node/extensionHostProcess.js:179:7285)
	at F.h (/home/azureuser/.vscode-server/cli/servers/Stable-f1e16e1e6214d7c44d078b1f0607b2388f29d729/server/out/vs/workbench/api/node/extensionHostProcess.js:100:21239)
	at listOnTimeout (node:internal/timers:573:17)
	at process.processTimers (node:internal/timers:514:7) setContext undefined
2024-07-20 18:00:12.004 [error] Canceled: Canceled
	at Object.l [as $9] (/home/azureuser/.vscode-server/cli/servers/Stable-f1e16e1e6214d7c44d078b1f0607b2388f29d729/server/out/vs/workbench/api/node/extensionHostProcess.js:10:1082)
	at /home/azureuser/.vscode-server/cli/servers/Stable-f1e16e1e6214d7c44d078b1f0607b2388f29d729/server/out/vs/workbench/api/node/extensionHostProcess.js:153:2406
	at Array.forEach (<anonymous>)
	at S.dispose (/home/azureuser/.vscode-server/cli/servers/Stable-f1e16e1e6214d7c44d078b1f0607b2388f29d729/server/out/vs/workbench/api/node/extensionHostProcess.js:153:2344)
	at m.terminate (/home/azureuser/.vscode-server/cli/servers/Stable-f1e16e1e6214d7c44d078b1f0607b2388f29d729/server/out/vs/workbench/api/node/extensionHostProcess.js:162:8151)
	at d.terminate (/home/azureuser/.vscode-server/cli/servers/Stable-f1e16e1e6214d7c44d078b1f0607b2388f29d729/server/out/vs/workbench/api/node/extensionHostProcess.js:166:1513)
	at i (/home/azureuser/.vscode-server/cli/servers/Stable-f1e16e1e6214d7c44d078b1f0607b2388f29d729/server/out/vs/workbench/api/node/extensionHostProcess.js:179:10617)
	at F.a (/home/azureuser/.vscode-server/cli/servers/Stable-f1e16e1e6214d7c44d078b1f0607b2388f29d729/server/out/vs/workbench/api/node/extensionHostProcess.js:179:7285)
	at F.h (/home/azureuser/.vscode-server/cli/servers/Stable-f1e16e1e6214d7c44d078b1f0607b2388f29d729/server/out/vs/workbench/api/node/extensionHostProcess.js:100:21239)
	at listOnTimeout (node:internal/timers:573:17)
	at process.processTimers (node:internal/timers:514:7) setContext undefined
2024-07-20 18:00:12.004 [error] Canceled: Canceled
	at Object.l [as $9] (/home/azureuser/.vscode-server/cli/servers/Stable-f1e16e1e6214d7c44d078b1f0607b2388f29d729/server/out/vs/workbench/api/node/extensionHostProcess.js:10:1082)
	at /home/azureuser/.vscode-server/cli/servers/Stable-f1e16e1e6214d7c44d078b1f0607b2388f29d729/server/out/vs/workbench/api/node/extensionHostProcess.js:153:2406
	at Array.forEach (<anonymous>)
	at S.dispose (/home/azureuser/.vscode-server/cli/servers/Stable-f1e16e1e6214d7c44d078b1f0607b2388f29d729/server/out/vs/workbench/api/node/extensionHostProcess.js:153:2344)
	at m.terminate (/home/azureuser/.vscode-server/cli/servers/Stable-f1e16e1e6214d7c44d078b1f0607b2388f29d729/server/out/vs/workbench/api/node/extensionHostProcess.js:162:8151)
	at d.terminate (/home/azureuser/.vscode-server/cli/servers/Stable-f1e16e1e6214d7c44d078b1f0607b2388f29d729/server/out/vs/workbench/api/node/extensionHostProcess.js:166:1513)
	at i (/home/azureuser/.vscode-server/cli/servers/Stable-f1e16e1e6214d7c44d078b1f0607b2388f29d729/server/out/vs/workbench/api/node/extensionHostProcess.js:179:10617)
	at F.a (/home/azureuser/.vscode-server/cli/servers/Stable-f1e16e1e6214d7c44d078b1f0607b2388f29d729/server/out/vs/workbench/api/node/extensionHostProcess.js:179:7285)
	at F.h (/home/azureuser/.vscode-server/cli/servers/Stable-f1e16e1e6214d7c44d078b1f0607b2388f29d729/server/out/vs/workbench/api/node/extensionHostProcess.js:100:21239)
	at listOnTimeout (node:internal/timers:573:17)
	at process.processTimers (node:internal/timers:514:7) setContext undefined
2024-07-20 18:00:12.004 [error] Canceled: Canceled
	at Object.l [as $9] (/home/azureuser/.vscode-server/cli/servers/Stable-f1e16e1e6214d7c44d078b1f0607b2388f29d729/server/out/vs/workbench/api/node/extensionHostProcess.js:10:1082)
	at /home/azureuser/.vscode-server/cli/servers/Stable-f1e16e1e6214d7c44d078b1f0607b2388f29d729/server/out/vs/workbench/api/node/extensionHostProcess.js:153:2406
	at Array.forEach (<anonymous>)
	at S.dispose (/home/azureuser/.vscode-server/cli/servers/Stable-f1e16e1e6214d7c44d078b1f0607b2388f29d729/server/out/vs/workbench/api/node/extensionHostProcess.js:153:2344)
	at m.terminate (/home/azureuser/.vscode-server/cli/servers/Stable-f1e16e1e6214d7c44d078b1f0607b2388f29d729/server/out/vs/workbench/api/node/extensionHostProcess.js:162:8151)
	at d.terminate (/home/azureuser/.vscode-server/cli/servers/Stable-f1e16e1e6214d7c44d078b1f0607b2388f29d729/server/out/vs/workbench/api/node/extensionHostProcess.js:166:1513)
	at i (/home/azureuser/.vscode-server/cli/servers/Stable-f1e16e1e6214d7c44d078b1f0607b2388f29d729/server/out/vs/workbench/api/node/extensionHostProcess.js:179:10617)
	at F.a (/home/azureuser/.vscode-server/cli/servers/Stable-f1e16e1e6214d7c44d078b1f0607b2388f29d729/server/out/vs/workbench/api/node/extensionHostProcess.js:179:7285)
	at F.h (/home/azureuser/.vscode-server/cli/servers/Stable-f1e16e1e6214d7c44d078b1f0607b2388f29d729/server/out/vs/workbench/api/node/extensionHostProcess.js:100:21239)
	at listOnTimeout (node:internal/timers:573:17)
	at process.processTimers (node:internal/timers:514:7) setContext undefined
2024-07-20 18:00:12.004 [error] Canceled: Canceled
	at Object.l [as $9] (/home/azureuser/.vscode-server/cli/servers/Stable-f1e16e1e6214d7c44d078b1f0607b2388f29d729/server/out/vs/workbench/api/node/extensionHostProcess.js:10:1082)
	at /home/azureuser/.vscode-server/cli/servers/Stable-f1e16e1e6214d7c44d078b1f0607b2388f29d729/server/out/vs/workbench/api/node/extensionHostProcess.js:153:2406
	at Array.forEach (<anonymous>)
	at S.dispose (/home/azureuser/.vscode-server/cli/servers/Stable-f1e16e1e6214d7c44d078b1f0607b2388f29d729/server/out/vs/workbench/api/node/extensionHostProcess.js:153:2344)
	at m.terminate (/home/azureuser/.vscode-server/cli/servers/Stable-f1e16e1e6214d7c44d078b1f0607b2388f29d729/server/out/vs/workbench/api/node/extensionHostProcess.js:162:8151)
	at d.terminate (/home/azureuser/.vscode-server/cli/servers/Stable-f1e16e1e6214d7c44d078b1f0607b2388f29d729/server/out/vs/workbench/api/node/extensionHostProcess.js:166:1513)
	at i (/home/azureuser/.vscode-server/cli/servers/Stable-f1e16e1e6214d7c44d078b1f0607b2388f29d729/server/out/vs/workbench/api/node/extensionHostProcess.js:179:10617)
	at F.a (/home/azureuser/.vscode-server/cli/servers/Stable-f1e16e1e6214d7c44d078b1f0607b2388f29d729/server/out/vs/workbench/api/node/extensionHostProcess.js:179:7285)
	at F.h (/home/azureuser/.vscode-server/cli/servers/Stable-f1e16e1e6214d7c44d078b1f0607b2388f29d729/server/out/vs/workbench/api/node/extensionHostProcess.js:100:21239)
	at listOnTimeout (node:internal/timers:573:17)
	at process.processTimers (node:internal/timers:514:7) setContext undefined
2024-07-20 18:00:12.005 [error] Canceled: Canceled
	at Object.l [as $9] (/home/azureuser/.vscode-server/cli/servers/Stable-f1e16e1e6214d7c44d078b1f0607b2388f29d729/server/out/vs/workbench/api/node/extensionHostProcess.js:10:1082)
	at /home/azureuser/.vscode-server/cli/servers/Stable-f1e16e1e6214d7c44d078b1f0607b2388f29d729/server/out/vs/workbench/api/node/extensionHostProcess.js:153:2406
	at Array.forEach (<anonymous>)
	at S.dispose (/home/azureuser/.vscode-server/cli/servers/Stable-f1e16e1e6214d7c44d078b1f0607b2388f29d729/server/out/vs/workbench/api/node/extensionHostProcess.js:153:2344)
	at m.terminate (/home/azureuser/.vscode-server/cli/servers/Stable-f1e16e1e6214d7c44d078b1f0607b2388f29d729/server/out/vs/workbench/api/node/extensionHostProcess.js:162:8151)
	at d.terminate (/home/azureuser/.vscode-server/cli/servers/Stable-f1e16e1e6214d7c44d078b1f0607b2388f29d729/server/out/vs/workbench/api/node/extensionHostProcess.js:166:1513)
	at i (/home/azureuser/.vscode-server/cli/servers/Stable-f1e16e1e6214d7c44d078b1f0607b2388f29d729/server/out/vs/workbench/api/node/extensionHostProcess.js:179:10617)
	at F.a (/home/azureuser/.vscode-server/cli/servers/Stable-f1e16e1e6214d7c44d078b1f0607b2388f29d729/server/out/vs/workbench/api/node/extensionHostProcess.js:179:7285)
	at F.h (/home/azureuser/.vscode-server/cli/servers/Stable-f1e16e1e6214d7c44d078b1f0607b2388f29d729/server/out/vs/workbench/api/node/extensionHostProcess.js:100:21239)
	at listOnTimeout (node:internal/timers:573:17)
	at process.processTimers (node:internal/timers:514:7) setContext undefined
2024-07-20 18:00:12.005 [error] Canceled: Canceled
	at Object.l [as $9] (/home/azureuser/.vscode-server/cli/servers/Stable-f1e16e1e6214d7c44d078b1f0607b2388f29d729/server/out/vs/workbench/api/node/extensionHostProcess.js:10:1082)
	at /home/azureuser/.vscode-server/cli/servers/Stable-f1e16e1e6214d7c44d078b1f0607b2388f29d729/server/out/vs/workbench/api/node/extensionHostProcess.js:153:2406
	at Array.forEach (<anonymous>)
	at S.dispose (/home/azureuser/.vscode-server/cli/servers/Stable-f1e16e1e6214d7c44d078b1f0607b2388f29d729/server/out/vs/workbench/api/node/extensionHostProcess.js:153:2344)
	at m.terminate (/home/azureuser/.vscode-server/cli/servers/Stable-f1e16e1e6214d7c44d078b1f0607b2388f29d729/server/out/vs/workbench/api/node/extensionHostProcess.js:162:8151)
	at d.terminate (/home/azureuser/.vscode-server/cli/servers/Stable-f1e16e1e6214d7c44d078b1f0607b2388f29d729/server/out/vs/workbench/api/node/extensionHostProcess.js:166:1513)
	at i (/home/azureuser/.vscode-server/cli/servers/Stable-f1e16e1e6214d7c44d078b1f0607b2388f29d729/server/out/vs/workbench/api/node/extensionHostProcess.js:179:10617)
	at F.a (/home/azureuser/.vscode-server/cli/servers/Stable-f1e16e1e6214d7c44d078b1f0607b2388f29d729/server/out/vs/workbench/api/node/extensionHostProcess.js:179:7285)
	at F.h (/home/azureuser/.vscode-server/cli/servers/Stable-f1e16e1e6214d7c44d078b1f0607b2388f29d729/server/out/vs/workbench/api/node/extensionHostProcess.js:100:21239)
	at listOnTimeout (node:internal/timers:573:17)
	at process.processTimers (node:internal/timers:514:7) setContext undefined
2024-07-20 18:00:12.005 [error] Canceled: Canceled
	at Object.l [as $9] (/home/azureuser/.vscode-server/cli/servers/Stable-f1e16e1e6214d7c44d078b1f0607b2388f29d729/server/out/vs/workbench/api/node/extensionHostProcess.js:10:1082)
	at /home/azureuser/.vscode-server/cli/servers/Stable-f1e16e1e6214d7c44d078b1f0607b2388f29d729/server/out/vs/workbench/api/node/extensionHostProcess.js:153:2406
	at Array.forEach (<anonymous>)
	at S.dispose (/home/azureuser/.vscode-server/cli/servers/Stable-f1e16e1e6214d7c44d078b1f0607b2388f29d729/server/out/vs/workbench/api/node/extensionHostProcess.js:153:2344)
	at m.terminate (/home/azureuser/.vscode-server/cli/servers/Stable-f1e16e1e6214d7c44d078b1f0607b2388f29d729/server/out/vs/workbench/api/node/extensionHostProcess.js:162:8151)
	at d.terminate (/home/azureuser/.vscode-server/cli/servers/Stable-f1e16e1e6214d7c44d078b1f0607b2388f29d729/server/out/vs/workbench/api/node/extensionHostProcess.js:166:1513)
	at i (/home/azureuser/.vscode-server/cli/servers/Stable-f1e16e1e6214d7c44d078b1f0607b2388f29d729/server/out/vs/workbench/api/node/extensionHostProcess.js:179:10617)
	at F.a (/home/azureuser/.vscode-server/cli/servers/Stable-f1e16e1e6214d7c44d078b1f0607b2388f29d729/server/out/vs/workbench/api/node/extensionHostProcess.js:179:7285)
	at F.h (/home/azureuser/.vscode-server/cli/servers/Stable-f1e16e1e6214d7c44d078b1f0607b2388f29d729/server/out/vs/workbench/api/node/extensionHostProcess.js:100:21239)
	at listOnTimeout (node:internal/timers:573:17)
	at process.processTimers (node:internal/timers:514:7) setContext undefined
2024-07-20 18:00:12.005 [error] Canceled: Canceled
	at Object.l [as $9] (/home/azureuser/.vscode-server/cli/servers/Stable-f1e16e1e6214d7c44d078b1f0607b2388f29d729/server/out/vs/workbench/api/node/extensionHostProcess.js:10:1082)
	at /home/azureuser/.vscode-server/cli/servers/Stable-f1e16e1e6214d7c44d078b1f0607b2388f29d729/server/out/vs/workbench/api/node/extensionHostProcess.js:153:2406
	at Array.forEach (<anonymous>)
	at S.dispose (/home/azureuser/.vscode-server/cli/servers/Stable-f1e16e1e6214d7c44d078b1f0607b2388f29d729/server/out/vs/workbench/api/node/extensionHostProcess.js:153:2344)
	at m.terminate (/home/azureuser/.vscode-server/cli/servers/Stable-f1e16e1e6214d7c44d078b1f0607b2388f29d729/server/out/vs/workbench/api/node/extensionHostProcess.js:162:8151)
	at d.terminate (/home/azureuser/.vscode-server/cli/servers/Stable-f1e16e1e6214d7c44d078b1f0607b2388f29d729/server/out/vs/workbench/api/node/extensionHostProcess.js:166:1513)
	at i (/home/azureuser/.vscode-server/cli/servers/Stable-f1e16e1e6214d7c44d078b1f0607b2388f29d729/server/out/vs/workbench/api/node/extensionHostProcess.js:179:10617)
	at F.a (/home/azureuser/.vscode-server/cli/servers/Stable-f1e16e1e6214d7c44d078b1f0607b2388f29d729/server/out/vs/workbench/api/node/extensionHostProcess.js:179:7285)
	at F.h (/home/azureuser/.vscode-server/cli/servers/Stable-f1e16e1e6214d7c44d078b1f0607b2388f29d729/server/out/vs/workbench/api/node/extensionHostProcess.js:100:21239)
	at listOnTimeout (node:internal/timers:573:17)
	at process.processTimers (node:internal/timers:514:7) setContext undefined
2024-07-20 18:00:12.006 [error] Canceled: Canceled
	at Object.l [as $9] (/home/azureuser/.vscode-server/cli/servers/Stable-f1e16e1e6214d7c44d078b1f0607b2388f29d729/server/out/vs/workbench/api/node/extensionHostProcess.js:10:1082)
	at /home/azureuser/.vscode-server/cli/servers/Stable-f1e16e1e6214d7c44d078b1f0607b2388f29d729/server/out/vs/workbench/api/node/extensionHostProcess.js:153:2406
	at Array.forEach (<anonymous>)
	at S.dispose (/home/azureuser/.vscode-server/cli/servers/Stable-f1e16e1e6214d7c44d078b1f0607b2388f29d729/server/out/vs/workbench/api/node/extensionHostProcess.js:153:2344)
	at m.terminate (/home/azureuser/.vscode-server/cli/servers/Stable-f1e16e1e6214d7c44d078b1f0607b2388f29d729/server/out/vs/workbench/api/node/extensionHostProcess.js:162:8151)
	at d.terminate (/home/azureuser/.vscode-server/cli/servers/Stable-f1e16e1e6214d7c44d078b1f0607b2388f29d729/server/out/vs/workbench/api/node/extensionHostProcess.js:166:1513)
	at i (/home/azureuser/.vscode-server/cli/servers/Stable-f1e16e1e6214d7c44d078b1f0607b2388f29d729/server/out/vs/workbench/api/node/extensionHostProcess.js:179:10617)
	at F.a (/home/azureuser/.vscode-server/cli/servers/Stable-f1e16e1e6214d7c44d078b1f0607b2388f29d729/server/out/vs/workbench/api/node/extensionHostProcess.js:179:7285)
	at F.h (/home/azureuser/.vscode-server/cli/servers/Stable-f1e16e1e6214d7c44d078b1f0607b2388f29d729/server/out/vs/workbench/api/node/extensionHostProcess.js:100:21239)
	at listOnTimeout (node:internal/timers:573:17)
	at process.processTimers (node:internal/timers:514:7) setContext undefined
2024-07-20 18:00:12.006 [error] Canceled: Canceled
	at Object.l [as $9] (/home/azureuser/.vscode-server/cli/servers/Stable-f1e16e1e6214d7c44d078b1f0607b2388f29d729/server/out/vs/workbench/api/node/extensionHostProcess.js:10:1082)
	at /home/azureuser/.vscode-server/cli/servers/Stable-f1e16e1e6214d7c44d078b1f0607b2388f29d729/server/out/vs/workbench/api/node/extensionHostProcess.js:153:2406
	at Array.forEach (<anonymous>)
	at S.dispose (/home/azureuser/.vscode-server/cli/servers/Stable-f1e16e1e6214d7c44d078b1f0607b2388f29d729/server/out/vs/workbench/api/node/extensionHostProcess.js:153:2344)
	at m.terminate (/home/azureuser/.vscode-server/cli/servers/Stable-f1e16e1e6214d7c44d078b1f0607b2388f29d729/server/out/vs/workbench/api/node/extensionHostProcess.js:162:8151)
	at d.terminate (/home/azureuser/.vscode-server/cli/servers/Stable-f1e16e1e6214d7c44d078b1f0607b2388f29d729/server/out/vs/workbench/api/node/extensionHostProcess.js:166:1513)
	at i (/home/azureuser/.vscode-server/cli/servers/Stable-f1e16e1e6214d7c44d078b1f0607b2388f29d729/server/out/vs/workbench/api/node/extensionHostProcess.js:179:10617)
	at F.a (/home/azureuser/.vscode-server/cli/servers/Stable-f1e16e1e6214d7c44d078b1f0607b2388f29d729/server/out/vs/workbench/api/node/extensionHostProcess.js:179:7285)
	at F.h (/home/azureuser/.vscode-server/cli/servers/Stable-f1e16e1e6214d7c44d078b1f0607b2388f29d729/server/out/vs/workbench/api/node/extensionHostProcess.js:100:21239)
	at listOnTimeout (node:internal/timers:573:17)
	at process.processTimers (node:internal/timers:514:7) setContext undefined
2024-07-20 18:00:12.006 [error] Canceled: Canceled
	at Object.l [as $9] (/home/azureuser/.vscode-server/cli/servers/Stable-f1e16e1e6214d7c44d078b1f0607b2388f29d729/server/out/vs/workbench/api/node/extensionHostProcess.js:10:1082)
	at /home/azureuser/.vscode-server/cli/servers/Stable-f1e16e1e6214d7c44d078b1f0607b2388f29d729/server/out/vs/workbench/api/node/extensionHostProcess.js:153:2406
	at Array.forEach (<anonymous>)
	at S.dispose (/home/azureuser/.vscode-server/cli/servers/Stable-f1e16e1e6214d7c44d078b1f0607b2388f29d729/server/out/vs/workbench/api/node/extensionHostProcess.js:153:2344)
	at m.terminate (/home/azureuser/.vscode-server/cli/servers/Stable-f1e16e1e6214d7c44d078b1f0607b2388f29d729/server/out/vs/workbench/api/node/extensionHostProcess.js:162:8151)
	at d.terminate (/home/azureuser/.vscode-server/cli/servers/Stable-f1e16e1e6214d7c44d078b1f0607b2388f29d729/server/out/vs/workbench/api/node/extensionHostProcess.js:166:1513)
	at i (/home/azureuser/.vscode-server/cli/servers/Stable-f1e16e1e6214d7c44d078b1f0607b2388f29d729/server/out/vs/workbench/api/node/extensionHostProcess.js:179:10617)
	at F.a (/home/azureuser/.vscode-server/cli/servers/Stable-f1e16e1e6214d7c44d078b1f0607b2388f29d729/server/out/vs/workbench/api/node/extensionHostProcess.js:179:7285)
	at F.h (/home/azureuser/.vscode-server/cli/servers/Stable-f1e16e1e6214d7c44d078b1f0607b2388f29d729/server/out/vs/workbench/api/node/extensionHostProcess.js:100:21239)
	at listOnTimeout (node:internal/timers:573:17)
	at process.processTimers (node:internal/timers:514:7) setContext undefined
2024-07-20 18:00:12.007 [error] Canceled: Canceled
	at new I (/home/azureuser/.vscode-server/cli/servers/Stable-f1e16e1e6214d7c44d078b1f0607b2388f29d729/server/out/vs/workbench/api/node/extensionHostProcess.js:146:34990)
	at S.U (/home/azureuser/.vscode-server/cli/servers/Stable-f1e16e1e6214d7c44d078b1f0607b2388f29d729/server/out/vs/workbench/api/node/extensionHostProcess.js:153:6023)
	at z.<computed>.F.charCodeAt.T.CharCode.DollarSign.z.<computed> (/home/azureuser/.vscode-server/cli/servers/Stable-f1e16e1e6214d7c44d078b1f0607b2388f29d729/server/out/vs/workbench/api/node/extensionHostProcess.js:153:3107)
	at f.g (/home/azureuser/.vscode-server/cli/servers/Stable-f1e16e1e6214d7c44d078b1f0607b2388f29d729/server/out/vs/workbench/api/node/extensionHostProcess.js:156:203861)
	at f.executeCommand (/home/azureuser/.vscode-server/cli/servers/Stable-f1e16e1e6214d7c44d078b1f0607b2388f29d729/server/out/vs/workbench/api/node/extensionHostProcess.js:156:203299)
	at A.registerCommand.description (/home/azureuser/.vscode-server/cli/servers/Stable-f1e16e1e6214d7c44d078b1f0607b2388f29d729/server/out/vs/workbench/api/node/extensionHostProcess.js:156:202623)
	at f.h (/home/azureuser/.vscode-server/cli/servers/Stable-f1e16e1e6214d7c44d078b1f0607b2388f29d729/server/out/vs/workbench/api/node/extensionHostProcess.js:156:204400)
	at f.g (/home/azureuser/.vscode-server/cli/servers/Stable-f1e16e1e6214d7c44d078b1f0607b2388f29d729/server/out/vs/workbench/api/node/extensionHostProcess.js:156:203392)
	at f.executeCommand (/home/azureuser/.vscode-server/cli/servers/Stable-f1e16e1e6214d7c44d078b1f0607b2388f29d729/server/out/vs/workbench/api/node/extensionHostProcess.js:156:203299)
	at Object.executeCommand (/home/azureuser/.vscode-server/cli/servers/Stable-f1e16e1e6214d7c44d078b1f0607b2388f29d729/server/out/vs/workbench/api/node/extensionHostProcess.js:166:23051)
	at n.O [as value] (/home/azureuser/.vscode-server/cli/servers/Stable-f1e16e1e6214d7c44d078b1f0607b2388f29d729/server/extensions/git/dist/main.js:2:949496)
	at r.B (/home/azureuser/.vscode-server/cli/servers/Stable-f1e16e1e6214d7c44d078b1f0607b2388f29d729/server/out/vs/workbench/api/node/extensionHostProcess.js:83:737)
	at r.C (/home/azureuser/.vscode-server/cli/servers/Stable-f1e16e1e6214d7c44d078b1f0607b2388f29d729/server/out/vs/workbench/api/node/extensionHostProcess.js:83:807)
	at r.fire (/home/azureuser/.vscode-server/cli/servers/Stable-f1e16e1e6214d7c44d078b1f0607b2388f29d729/server/out/vs/workbench/api/node/extensionHostProcess.js:83:1023)
	at Object.p [as dispose] (/home/azureuser/.vscode-server/cli/servers/Stable-f1e16e1e6214d7c44d078b1f0607b2388f29d729/server/extensions/git/dist/main.js:2:968700)
	at /home/azureuser/.vscode-server/cli/servers/Stable-f1e16e1e6214d7c44d078b1f0607b2388f29d729/server/extensions/git/dist/main.js:2:974738
	at Array.forEach (<anonymous>)
	at f.dispose (/home/azureuser/.vscode-server/cli/servers/Stable-f1e16e1e6214d7c44d078b1f0607b2388f29d729/server/extensions/git/dist/main.js:2:974724)
	at c.<anonymous> (/home/azureuser/.vscode-server/cli/servers/Stable-f1e16e1e6214d7c44d078b1f0607b2388f29d729/server/out/vs/workbench/api/node/extensionHostProcess.js:154:4048)
	at c.dispose (/home/azureuser/.vscode-server/cli/servers/Stable-f1e16e1e6214d7c44d078b1f0607b2388f29d729/server/out/vs/workbench/api/node/extensionHostProcess.js:154:4145)
	at c.<anonymous> (/home/azureuser/.vscode-server/cli/servers/Stable-f1e16e1e6214d7c44d078b1f0607b2388f29d729/server/extensions/git/dist/main.js:2:951753)
	at c.dispose (/home/azureuser/.vscode-server/cli/servers/Stable-f1e16e1e6214d7c44d078b1f0607b2388f29d729/server/out/vs/workbench/api/node/extensionHostProcess.js:154:4145)
	at d (/home/azureuser/.vscode-server/cli/servers/Stable-f1e16e1e6214d7c44d078b1f0607b2388f29d729/server/out/vs/workbench/api/node/extensionHostProcess.js:30:744)
	at m.eb (/home/azureuser/.vscode-server/cli/servers/Stable-f1e16e1e6214d7c44d078b1f0607b2388f29d729/server/out/vs/workbench/api/node/extensionHostProcess.js:162:10039)
	at /home/azureuser/.vscode-server/cli/servers/Stable-f1e16e1e6214d7c44d078b1f0607b2388f29d729/server/out/vs/workbench/api/node/extensionHostProcess.js:162:7915
	at Array.map (<anonymous>)
	at m.$ (/home/azureuser/.vscode-server/cli/servers/Stable-f1e16e1e6214d7c44d078b1f0607b2388f29d729/server/out/vs/workbench/api/node/extensionHostProcess.js:162:7902)
	at m.terminate (/home/azureuser/.vscode-server/cli/servers/Stable-f1e16e1e6214d7c44d078b1f0607b2388f29d729/server/out/vs/workbench/api/node/extensionHostProcess.js:162:8175)
	at d.terminate (/home/azureuser/.vscode-server/cli/servers/Stable-f1e16e1e6214d7c44d078b1f0607b2388f29d729/server/out/vs/workbench/api/node/extensionHostProcess.js:166:1513)
	at i (/home/azureuser/.vscode-server/cli/servers/Stable-f1e16e1e6214d7c44d078b1f0607b2388f29d729/server/out/vs/workbench/api/node/extensionHostProcess.js:179:10617)
	at F.a (/home/azureuser/.vscode-server/cli/servers/Stable-f1e16e1e6214d7c44d078b1f0607b2388f29d729/server/out/vs/workbench/api/node/extensionHostProcess.js:179:7285)
	at F.h (/home/azureuser/.vscode-server/cli/servers/Stable-f1e16e1e6214d7c44d078b1f0607b2388f29d729/server/out/vs/workbench/api/node/extensionHostProcess.js:100:21239)
	at listOnTimeout (node:internal/timers:573:17)
	at process.processTimers (node:internal/timers:514:7) setContext undefined
2024-07-20 18:00:12.009 [error] Canceled: Canceled
	at new I (/home/azureuser/.vscode-server/cli/servers/Stable-f1e16e1e6214d7c44d078b1f0607b2388f29d729/server/out/vs/workbench/api/node/extensionHostProcess.js:146:34990)
	at S.U (/home/azureuser/.vscode-server/cli/servers/Stable-f1e16e1e6214d7c44d078b1f0607b2388f29d729/server/out/vs/workbench/api/node/extensionHostProcess.js:153:6023)
	at z.<computed>.F.charCodeAt.T.CharCode.DollarSign.z.<computed> (/home/azureuser/.vscode-server/cli/servers/Stable-f1e16e1e6214d7c44d078b1f0607b2388f29d729/server/out/vs/workbench/api/node/extensionHostProcess.js:153:3107)
	at f.g (/home/azureuser/.vscode-server/cli/servers/Stable-f1e16e1e6214d7c44d078b1f0607b2388f29d729/server/out/vs/workbench/api/node/extensionHostProcess.js:156:203861)
	at f.executeCommand (/home/azureuser/.vscode-server/cli/servers/Stable-f1e16e1e6214d7c44d078b1f0607b2388f29d729/server/out/vs/workbench/api/node/extensionHostProcess.js:156:203299)
	at A.registerCommand.description (/home/azureuser/.vscode-server/cli/servers/Stable-f1e16e1e6214d7c44d078b1f0607b2388f29d729/server/out/vs/workbench/api/node/extensionHostProcess.js:156:202623)
	at f.h (/home/azureuser/.vscode-server/cli/servers/Stable-f1e16e1e6214d7c44d078b1f0607b2388f29d729/server/out/vs/workbench/api/node/extensionHostProcess.js:156:204400)
	at f.g (/home/azureuser/.vscode-server/cli/servers/Stable-f1e16e1e6214d7c44d078b1f0607b2388f29d729/server/out/vs/workbench/api/node/extensionHostProcess.js:156:203392)
	at f.executeCommand (/home/azureuser/.vscode-server/cli/servers/Stable-f1e16e1e6214d7c44d078b1f0607b2388f29d729/server/out/vs/workbench/api/node/extensionHostProcess.js:156:203299)
	at Object.executeCommand (/home/azureuser/.vscode-server/cli/servers/Stable-f1e16e1e6214d7c44d078b1f0607b2388f29d729/server/out/vs/workbench/api/node/extensionHostProcess.js:166:23051)
	at set hasGitHubRepositories [as hasGitHubRepositories] (/home/azureuser/.vscode-server/cli/servers/Stable-f1e16e1e6214d7c44d078b1f0607b2388f29d729/server/extensions/github/dist/extension.js:2:322969)
	at /home/azureuser/.vscode-server/cli/servers/Stable-f1e16e1e6214d7c44d078b1f0607b2388f29d729/server/extensions/github/dist/extension.js:2:323928
	at n.value (/home/azureuser/.vscode-server/cli/servers/Stable-f1e16e1e6214d7c44d078b1f0607b2388f29d729/server/extensions/git/dist/main.js:2:1055238)
	at r.B (/home/azureuser/.vscode-server/cli/servers/Stable-f1e16e1e6214d7c44d078b1f0607b2388f29d729/server/out/vs/workbench/api/node/extensionHostProcess.js:83:737)
	at r.C (/home/azureuser/.vscode-server/cli/servers/Stable-f1e16e1e6214d7c44d078b1f0607b2388f29d729/server/out/vs/workbench/api/node/extensionHostProcess.js:83:807)
	at r.fire (/home/azureuser/.vscode-server/cli/servers/Stable-f1e16e1e6214d7c44d078b1f0607b2388f29d729/server/out/vs/workbench/api/node/extensionHostProcess.js:83:1023)
	at Object.p [as dispose] (/home/azureuser/.vscode-server/cli/servers/Stable-f1e16e1e6214d7c44d078b1f0607b2388f29d729/server/extensions/git/dist/main.js:2:968700)
	at /home/azureuser/.vscode-server/cli/servers/Stable-f1e16e1e6214d7c44d078b1f0607b2388f29d729/server/extensions/git/dist/main.js:2:974738
	at Array.forEach (<anonymous>)
	at f.dispose (/home/azureuser/.vscode-server/cli/servers/Stable-f1e16e1e6214d7c44d078b1f0607b2388f29d729/server/extensions/git/dist/main.js:2:974724)
	at c.<anonymous> (/home/azureuser/.vscode-server/cli/servers/Stable-f1e16e1e6214d7c44d078b1f0607b2388f29d729/server/out/vs/workbench/api/node/extensionHostProcess.js:154:4048)
	at c.dispose (/home/azureuser/.vscode-server/cli/servers/Stable-f1e16e1e6214d7c44d078b1f0607b2388f29d729/server/out/vs/workbench/api/node/extensionHostProcess.js:154:4145)
	at c.<anonymous> (/home/azureuser/.vscode-server/cli/servers/Stable-f1e16e1e6214d7c44d078b1f0607b2388f29d729/server/extensions/git/dist/main.js:2:951753)
	at c.dispose (/home/azureuser/.vscode-server/cli/servers/Stable-f1e16e1e6214d7c44d078b1f0607b2388f29d729/server/out/vs/workbench/api/node/extensionHostProcess.js:154:4145)
	at d (/home/azureuser/.vscode-server/cli/servers/Stable-f1e16e1e6214d7c44d078b1f0607b2388f29d729/server/out/vs/workbench/api/node/extensionHostProcess.js:30:744)
	at m.eb (/home/azureuser/.vscode-server/cli/servers/Stable-f1e16e1e6214d7c44d078b1f0607b2388f29d729/server/out/vs/workbench/api/node/extensionHostProcess.js:162:10039)
	at /home/azureuser/.vscode-server/cli/servers/Stable-f1e16e1e6214d7c44d078b1f0607b2388f29d729/server/out/vs/workbench/api/node/extensionHostProcess.js:162:7915
	at Array.map (<anonymous>)
	at m.$ (/home/azureuser/.vscode-server/cli/servers/Stable-f1e16e1e6214d7c44d078b1f0607b2388f29d729/server/out/vs/workbench/api/node/extensionHostProcess.js:162:7902)
	at m.terminate (/home/azureuser/.vscode-server/cli/servers/Stable-f1e16e1e6214d7c44d078b1f0607b2388f29d729/server/out/vs/workbench/api/node/extensionHostProcess.js:162:8175)
	at d.terminate (/home/azureuser/.vscode-server/cli/servers/Stable-f1e16e1e6214d7c44d078b1f0607b2388f29d729/server/out/vs/workbench/api/node/extensionHostProcess.js:166:1513)
	at i (/home/azureuser/.vscode-server/cli/servers/Stable-f1e16e1e6214d7c44d078b1f0607b2388f29d729/server/out/vs/workbench/api/node/extensionHostProcess.js:179:10617)
	at F.a (/home/azureuser/.vscode-server/cli/servers/Stable-f1e16e1e6214d7c44d078b1f0607b2388f29d729/server/out/vs/workbench/api/node/extensionHostProcess.js:179:7285)
	at F.h (/home/azureuser/.vscode-server/cli/servers/Stable-f1e16e1e6214d7c44d078b1f0607b2388f29d729/server/out/vs/workbench/api/node/extensionHostProcess.js:100:21239)
	at listOnTimeout (node:internal/timers:573:17)
	at process.processTimers (node:internal/timers:514:7) setContext undefined
2024-07-20 18:00:12.009 [info] Extension host with pid 20044 exiting with code 0
