2024-07-20 17:55:49.794 [info] Log level: Info
2024-07-20 17:55:49.795 [info] Validating found git in: "git"
2024-07-20 17:55:49.796 [info] Using git "2.34.1" from "git"
2024-07-20 17:55:49.796 [info] > git rev-parse --show-toplevel [3ms]
2024-07-20 17:55:49.797 [info] > git rev-parse --git-dir --git-common-dir [2ms]
2024-07-20 17:55:49.797 [info] Open repository: /home/azureuser
2024-07-20 17:55:49.797 [info] > git config --get commit.template [17ms]
2024-07-20 17:55:49.797 [info] > git for-each-ref --format=%(refname)%00%(upstream:short)%00%(objectname)%00%(upstream:track)%00%(upstream:remotename)%00%(upstream:remoteref) refs/heads/main refs/remotes/main [5ms]
2024-07-20 17:55:49.797 [info] > git status -z -uall [98ms]
2024-07-20 17:55:49.797 [info] > git for-each-ref --format=%(refname)%00%(upstream:short)%00%(objectname)%00%(upstream:track)%00%(upstream:remotename)%00%(upstream:remoteref) refs/heads/main refs/remotes/main [13ms]
2024-07-20 17:55:49.797 [info] > git config --get commit.template [6ms]
2024-07-20 17:55:49.797 [info] > git config --local branch.main.vscode-merge-base [2ms]
2024-07-20 17:55:49.797 [warning] git config failed: Failed to execute git
2024-07-20 17:55:49.797 [info] > git reflog main --grep-reflog=branch: Created from *. [8ms]
2024-07-20 17:55:49.797 [info] > git fetch [191ms]
2024-07-20 17:55:49.797 [info] > git symbolic-ref --short refs/remotes/origin/HEAD [5ms]
2024-07-20 17:55:49.797 [info] fatal: ref refs/remotes/origin/HEAD is not a symbolic ref
2024-07-20 17:55:49.797 [info] > git config --get commit.template [6ms]
2024-07-20 17:55:49.797 [info] > git for-each-ref --format=%(refname)%00%(upstream:short)%00%(objectname)%00%(upstream:track)%00%(upstream:remotename)%00%(upstream:remoteref) refs/heads/main refs/remotes/main [16ms]
2024-07-20 17:55:49.797 [info] > git merge-base refs/heads/main refs/remotes/Server-Monitor/main [2ms]
2024-07-20 17:55:49.797 [info] > git rev-list --count --left-right refs/heads/main...refs/remotes/Server-Monitor/main [4ms]
2024-07-20 17:55:49.797 [info] > git for-each-ref --format=%(refname)%00%(upstream:short)%00%(objectname)%00%(upstream:track)%00%(upstream:remotename)%00%(upstream:remoteref) refs/heads/main refs/remotes/main [6ms]
2024-07-20 17:55:49.797 [info] > git diff --name-status -z --diff-filter=ADMR 877d30da2e258235537010cb2b840daec072e117...refs/remotes/Server-Monitor/main [4ms]
2024-07-20 17:55:49.797 [info] > git status -z -uall [95ms]
2024-07-20 17:55:49.797 [info] > git for-each-ref --format=%(refname)%00%(upstream:short)%00%(objectname)%00%(upstream:track)%00%(upstream:remotename)%00%(upstream:remoteref) refs/heads/main refs/remotes/main [6ms]
2024-07-20 17:55:49.797 [info] > git config --local branch.main.vscode-merge-base [1ms]
2024-07-20 17:55:49.797 [warning] git config failed: Failed to execute git
2024-07-20 17:55:49.797 [info] > git reflog main --grep-reflog=branch: Created from *. [3ms]
2024-07-20 17:55:49.797 [info] > git symbolic-ref --short refs/remotes/origin/HEAD [2ms]
2024-07-20 17:55:49.797 [info] fatal: ref refs/remotes/origin/HEAD is not a symbolic ref
2024-07-20 17:55:50.355 [info] > git check-ignore -v -z --stdin [5ms]
2024-07-20 17:55:56.846 [info] > git config --get commit.template [5ms]
2024-07-20 17:55:56.848 [info] > git for-each-ref --format=%(refname)%00%(upstream:short)%00%(objectname)%00%(upstream:track)%00%(upstream:remotename)%00%(upstream:remoteref) refs/heads/main refs/remotes/main [2ms]
2024-07-20 17:55:56.929 [info] > git status -z -uall [78ms]
2024-07-20 17:55:56.936 [info] > git for-each-ref --format=%(refname)%00%(upstream:short)%00%(objectname)%00%(upstream:track)%00%(upstream:remotename)%00%(upstream:remoteref) refs/heads/main refs/remotes/main [3ms]
2024-07-20 17:55:56.942 [info] > git config --local branch.main.vscode-merge-base [1ms]
2024-07-20 17:55:56.942 [warning] git config failed: Failed to execute git
2024-07-20 17:55:56.950 [info] > git reflog main --grep-reflog=branch: Created from *. [5ms]
2024-07-20 17:55:56.955 [info] > git symbolic-ref --short refs/remotes/origin/HEAD [2ms]
2024-07-20 17:55:56.955 [info] fatal: ref refs/remotes/origin/HEAD is not a symbolic ref
2024-07-20 17:56:01.947 [info] > git config --get commit.template [5ms]
2024-07-20 17:56:01.948 [info] > git for-each-ref --format=%(refname)%00%(upstream:short)%00%(objectname)%00%(upstream:track)%00%(upstream:remotename)%00%(upstream:remoteref) refs/heads/main refs/remotes/main [3ms]
2024-07-20 17:56:02.029 [info] > git status -z -uall [78ms]
2024-07-20 17:56:02.040 [info] > git for-each-ref --format=%(refname)%00%(upstream:short)%00%(objectname)%00%(upstream:track)%00%(upstream:remotename)%00%(upstream:remoteref) refs/heads/main refs/remotes/main [4ms]
2024-07-20 17:56:02.046 [info] > git config --local branch.main.vscode-merge-base [1ms]
2024-07-20 17:56:02.047 [warning] git config failed: Failed to execute git
2024-07-20 17:56:02.053 [info] > git reflog main --grep-reflog=branch: Created from *. [3ms]
2024-07-20 17:56:02.058 [info] > git symbolic-ref --short refs/remotes/origin/HEAD [1ms]
2024-07-20 17:56:02.059 [info] fatal: ref refs/remotes/origin/HEAD is not a symbolic ref
2024-07-20 17:56:07.051 [info] > git config --get commit.template [6ms]
2024-07-20 17:56:07.053 [info] > git for-each-ref --format=%(refname)%00%(upstream:short)%00%(objectname)%00%(upstream:track)%00%(upstream:remotename)%00%(upstream:remoteref) refs/heads/main refs/remotes/main [4ms]
2024-07-20 17:56:07.148 [info] > git status -z -uall [91ms]
2024-07-20 17:56:07.163 [info] > git for-each-ref --format=%(refname)%00%(upstream:short)%00%(objectname)%00%(upstream:track)%00%(upstream:remotename)%00%(upstream:remoteref) refs/heads/main refs/remotes/main [8ms]
2024-07-20 17:56:07.169 [info] > git config --local branch.main.vscode-merge-base [2ms]
2024-07-20 17:56:07.170 [warning] git config failed: Failed to execute git
2024-07-20 17:56:07.177 [info] > git reflog main --grep-reflog=branch: Created from *. [4ms]
2024-07-20 17:56:07.182 [info] > git symbolic-ref --short refs/remotes/origin/HEAD [2ms]
2024-07-20 17:56:07.182 [info] fatal: ref refs/remotes/origin/HEAD is not a symbolic ref
2024-07-20 17:56:25.790 [info] > git config --get commit.template [5ms]
2024-07-20 17:56:25.791 [info] > git for-each-ref --format=%(refname)%00%(upstream:short)%00%(objectname)%00%(upstream:track)%00%(upstream:remotename)%00%(upstream:remoteref) refs/heads/main refs/remotes/main [2ms]
2024-07-20 17:56:25.877 [info] > git status -z -uall [82ms]
2024-07-20 17:56:25.886 [info] > git for-each-ref --format=%(refname)%00%(upstream:short)%00%(objectname)%00%(upstream:track)%00%(upstream:remotename)%00%(upstream:remoteref) refs/heads/main refs/remotes/main [3ms]
2024-07-20 17:56:25.893 [info] > git config --local branch.main.vscode-merge-base [1ms]
2024-07-20 17:56:25.894 [warning] git config failed: Failed to execute git
2024-07-20 17:56:25.900 [info] > git reflog main --grep-reflog=branch: Created from *. [3ms]
2024-07-20 17:56:25.904 [info] > git symbolic-ref --short refs/remotes/origin/HEAD [1ms]
2024-07-20 17:56:25.905 [info] fatal: ref refs/remotes/origin/HEAD is not a symbolic ref
2024-07-20 17:58:47.917 [info] > git fetch [125ms]
2024-07-20 17:58:47.929 [info] > git config --get commit.template [7ms]
2024-07-20 17:58:47.934 [info] > git for-each-ref --format=%(refname)%00%(upstream:short)%00%(objectname)%00%(upstream:track)%00%(upstream:remotename)%00%(upstream:remoteref) refs/heads/main refs/remotes/main [7ms]
2024-07-20 17:58:48.026 [info] > git status -z -uall [87ms]
2024-07-20 17:58:48.040 [info] > git for-each-ref --format=%(refname)%00%(upstream:short)%00%(objectname)%00%(upstream:track)%00%(upstream:remotename)%00%(upstream:remoteref) refs/heads/main refs/remotes/main [4ms]
2024-07-20 17:58:48.045 [info] > git config --local branch.main.vscode-merge-base [1ms]
2024-07-20 17:58:48.046 [warning] git config failed: Failed to execute git
2024-07-20 17:58:48.051 [info] > git reflog main --grep-reflog=branch: Created from *. [2ms]
2024-07-20 17:58:48.056 [info] > git symbolic-ref --short refs/remotes/origin/HEAD [2ms]
2024-07-20 17:58:48.056 [info] fatal: ref refs/remotes/origin/HEAD is not a symbolic ref
