2024-07-20 17:45:24.816 [info] Log level: Info
2024-07-20 17:45:24.817 [info] Validating found git in: "git"
2024-07-20 17:45:24.817 [info] Using git "2.34.1" from "git"
2024-07-20 17:45:24.817 [info] > git rev-parse --show-toplevel [3ms]
2024-07-20 17:45:24.817 [info] > git rev-parse --git-dir --git-common-dir [2ms]
2024-07-20 17:45:24.817 [info] Open repository: /home/azureuser
2024-07-20 17:45:24.818 [info] > git config --get commit.template [7ms]
2024-07-20 17:45:24.818 [info] > git for-each-ref --format=%(refname)%00%(upstream:short)%00%(objectname)%00%(upstream:track)%00%(upstream:remotename)%00%(upstream:remoteref) refs/heads/main refs/remotes/main [3ms]
2024-07-20 17:45:24.818 [info] > git rev-parse --show-toplevel [16ms]
2024-07-20 17:45:24.818 [info] > git rev-parse --show-toplevel [1ms]
2024-07-20 17:45:24.818 [info] > git rev-parse --show-toplevel [9ms]
2024-07-20 17:45:24.819 [info] > git rev-parse --show-toplevel [4ms]
2024-07-20 17:45:24.819 [info] > git status -z -uall [152ms]
2024-07-20 17:45:24.819 [info] > git for-each-ref --format=%(refname)%00%(upstream:short)%00%(objectname)%00%(upstream:track)%00%(upstream:remotename)%00%(upstream:remoteref) refs/heads/main refs/remotes/main [20ms]
2024-07-20 17:45:24.819 [info] > git config --get commit.template [10ms]
2024-07-20 17:45:24.820 [info] > git config --local branch.main.vscode-merge-base [9ms]
2024-07-20 17:45:24.820 [warning] git config failed: Failed to execute git
2024-07-20 17:45:24.820 [info] > git for-each-ref --format=%(refname)%00%(upstream:short)%00%(objectname)%00%(upstream:track)%00%(upstream:remotename)%00%(upstream:remoteref) refs/heads/main refs/remotes/main [11ms]
2024-07-20 17:45:24.820 [info] > git reflog main --grep-reflog=branch: Created from *. [10ms]
2024-07-20 17:45:24.820 [info] > git symbolic-ref --short refs/remotes/origin/HEAD [24ms]
2024-07-20 17:45:24.821 [info] fatal: ref refs/remotes/origin/HEAD is not a symbolic ref
2024-07-20 17:45:24.821 [info] > git status -z -uall [120ms]
2024-07-20 17:45:24.821 [info] > git fetch [438ms]
2024-07-20 17:45:24.821 [info] Missing or invalid credentials.
Skip silent fetch commands
Missing or invalid credentials.
Skip silent fetch commands
remote: Repository not found.
fatal: Authentication failed for 'https://github.com/Karagwa/Server-Monitor.gi/'
2024-07-20 17:45:24.821 [info] > git for-each-ref --format=%(refname)%00%(upstream:short)%00%(objectname)%00%(upstream:track)%00%(upstream:remotename)%00%(upstream:remoteref) refs/heads/main refs/remotes/main [70ms]
2024-07-20 17:45:24.822 [info] > git config --local branch.main.vscode-merge-base [9ms]
2024-07-20 17:45:24.822 [warning] git config failed: Failed to execute git
2024-07-20 17:45:24.822 [info] > git config --get commit.template [12ms]
2024-07-20 17:45:24.822 [info] > git reflog main --grep-reflog=branch: Created from *. [28ms]
2024-07-20 17:45:24.822 [info] > git for-each-ref --format=%(refname)%00%(upstream:short)%00%(objectname)%00%(upstream:track)%00%(upstream:remotename)%00%(upstream:remoteref) refs/heads/main refs/remotes/main [5ms]
2024-07-20 17:45:24.824 [info] > git symbolic-ref --short refs/remotes/origin/HEAD [12ms]
2024-07-20 17:45:24.824 [info] fatal: ref refs/remotes/origin/HEAD is not a symbolic ref
2024-07-20 17:45:24.902 [info] > git status -z -uall [87ms]
2024-07-20 17:45:24.909 [info] > git for-each-ref --format=%(refname)%00%(upstream:short)%00%(objectname)%00%(upstream:track)%00%(upstream:remotename)%00%(upstream:remoteref) refs/heads/main refs/remotes/main [3ms]
2024-07-20 17:45:24.915 [info] > git config --local branch.main.vscode-merge-base [2ms]
2024-07-20 17:45:24.915 [warning] git config failed: Failed to execute git
2024-07-20 17:45:24.921 [info] > git reflog main --grep-reflog=branch: Created from *. [3ms]
2024-07-20 17:45:24.926 [info] > git symbolic-ref --short refs/remotes/origin/HEAD [1ms]
2024-07-20 17:45:24.926 [info] fatal: ref refs/remotes/origin/HEAD is not a symbolic ref
2024-07-20 17:45:25.401 [info] > git check-ignore -v -z --stdin [36ms]
2024-07-20 17:45:25.725 [info] > git show --textconv :.vscode-server/.cli.f1e16e1e6214d7c44d078b1f0607b2388f29d729.log [11ms]
2024-07-20 17:45:25.734 [info] > git ls-files --stage -- /home/azureuser/.vscode-server/.cli.f1e16e1e6214d7c44d078b1f0607b2388f29d729.log [10ms]
2024-07-20 17:45:25.742 [info] > git cat-file -s eecb42bfed3fd85ec81f9018c7e95b0078e4ff36 [3ms]
2024-07-20 17:45:26.381 [info] > git config --get commit.template [6ms]
2024-07-20 17:45:26.384 [info] > git for-each-ref --format=%(refname)%00%(upstream:short)%00%(objectname)%00%(upstream:track)%00%(upstream:remotename)%00%(upstream:remoteref) refs/heads/main refs/remotes/main [4ms]
2024-07-20 17:45:26.660 [info] > git status -z -uall [272ms]
2024-07-20 17:45:26.674 [info] > git for-each-ref --format=%(refname)%00%(upstream:short)%00%(objectname)%00%(upstream:track)%00%(upstream:remotename)%00%(upstream:remoteref) refs/heads/main refs/remotes/main [7ms]
2024-07-20 17:45:26.682 [info] > git config --local branch.main.vscode-merge-base [3ms]
2024-07-20 17:45:26.682 [warning] git config failed: Failed to execute git
2024-07-20 17:45:26.691 [info] > git reflog main --grep-reflog=branch: Created from *. [5ms]
2024-07-20 17:45:26.698 [info] > git symbolic-ref --short refs/remotes/origin/HEAD [3ms]
2024-07-20 17:45:26.698 [info] fatal: ref refs/remotes/origin/HEAD is not a symbolic ref
2024-07-20 17:45:28.706 [info] > git for-each-ref --format=%(refname)%00%(upstream:short)%00%(objectname)%00%(upstream:track)%00%(upstream:remotename)%00%(upstream:remoteref) refs/heads/main [4ms]
2024-07-20 17:45:28.711 [info] > git for-each-ref --format=%(refname)%00%(upstream:short)%00%(objectname)%00%(upstream:track)%00%(upstream:remotename)%00%(upstream:remoteref) refs/heads/main [2ms]
2024-07-20 17:45:28.716 [info] > git config --local branch.main.vscode-merge-base [2ms]
2024-07-20 17:45:28.716 [warning] git config failed: Failed to execute git
2024-07-20 17:45:28.722 [info] > git reflog refs/heads/main --grep-reflog=branch: Created from *. [3ms]
2024-07-20 17:45:28.726 [info] > git symbolic-ref --short refs/remotes/origin/HEAD [1ms]
2024-07-20 17:45:28.727 [info] fatal: ref refs/remotes/origin/HEAD is not a symbolic ref
2024-07-20 17:45:28.728 [info] GitHistoryProvider:resolveHistoryItemGroupUpstreamOrBase - Failed to resolve history item group base for 'refs/heads/main'
2024-07-20 17:45:28.728 [info] GitHistoryProvider:resolveHistoryItemGroupCommonAncestor - Failed to resolve history item group base for 'refs/heads/main'
2024-07-20 17:45:29.258 [info] > git for-each-ref --format=%(refname)%00%(upstream:short)%00%(objectname)%00%(upstream:track)%00%(upstream:remotename)%00%(upstream:remoteref) refs/heads/main [33ms]
2024-07-20 17:45:29.266 [info] > git for-each-ref --format=%(refname)%00%(upstream:short)%00%(objectname)%00%(upstream:track)%00%(upstream:remotename)%00%(upstream:remoteref) refs/heads/main [2ms]
2024-07-20 17:45:29.272 [info] > git config --local branch.main.vscode-merge-base [2ms]
2024-07-20 17:45:29.272 [warning] git config failed: Failed to execute git
2024-07-20 17:45:29.278 [info] > git reflog refs/heads/main --grep-reflog=branch: Created from *. [3ms]
2024-07-20 17:45:29.282 [info] > git symbolic-ref --short refs/remotes/origin/HEAD [1ms]
2024-07-20 17:45:29.282 [info] fatal: ref refs/remotes/origin/HEAD is not a symbolic ref
2024-07-20 17:45:29.282 [info] GitHistoryProvider:resolveHistoryItemGroupUpstreamOrBase - Failed to resolve history item group base for 'refs/heads/main'
2024-07-20 17:45:29.282 [info] GitHistoryProvider:resolveHistoryItemGroupCommonAncestor - Failed to resolve history item group base for 'refs/heads/main'
2024-07-20 17:45:29.743 [info] > git check-ignore -v -z --stdin [12ms]
2024-07-20 17:45:34.815 [info] > git -c user.useConfigOnly=true commit --quiet --allow-empty-message --file - [56ms]
2024-07-20 17:45:34.815 [info] Author identity unknown

*** Please tell me who you are.

Run

  git config --global user.email "you@example.com"
  git config --global user.name "Your Name"

to set your account's default identity.
Omit --global to set the identity only in this repository.

fatal: no email was given and auto-detection is disabled
2024-07-20 17:45:34.820 [info] > git config --get-all user.name [1ms]
2024-07-20 17:45:34.827 [info] > git config --get commit.template [3ms]
2024-07-20 17:45:34.829 [info] > git for-each-ref --format=%(refname)%00%(upstream:short)%00%(objectname)%00%(upstream:track)%00%(upstream:remotename)%00%(upstream:remoteref) refs/heads/main refs/remotes/main [2ms]
2024-07-20 17:45:34.904 [info] > git status -z -uall [73ms]
2024-07-20 17:45:34.915 [info] > git for-each-ref --format=%(refname)%00%(upstream:short)%00%(objectname)%00%(upstream:track)%00%(upstream:remotename)%00%(upstream:remoteref) refs/heads/main refs/remotes/main [5ms]
2024-07-20 17:45:34.920 [info] > git config --local branch.main.vscode-merge-base [2ms]
2024-07-20 17:45:34.920 [warning] git config failed: Failed to execute git
2024-07-20 17:45:34.926 [info] > git reflog main --grep-reflog=branch: Created from *. [3ms]
2024-07-20 17:45:34.930 [info] > git symbolic-ref --short refs/remotes/origin/HEAD [1ms]
2024-07-20 17:45:34.931 [info] fatal: ref refs/remotes/origin/HEAD is not a symbolic ref
2024-07-20 17:45:35.125 [info] > git for-each-ref --format=%(refname)%00%(upstream:short)%00%(objectname)%00%(upstream:track)%00%(upstream:remotename)%00%(upstream:remoteref) refs/heads/main [3ms]
2024-07-20 17:45:35.136 [info] > git for-each-ref --format=%(refname)%00%(upstream:short)%00%(objectname)%00%(upstream:track)%00%(upstream:remotename)%00%(upstream:remoteref) refs/heads/main [6ms]
2024-07-20 17:45:35.141 [info] > git config --local branch.main.vscode-merge-base [1ms]
2024-07-20 17:45:35.142 [warning] git config failed: Failed to execute git
2024-07-20 17:45:35.147 [info] > git reflog refs/heads/main --grep-reflog=branch: Created from *. [2ms]
2024-07-20 17:45:35.152 [info] > git symbolic-ref --short refs/remotes/origin/HEAD [2ms]
2024-07-20 17:45:35.152 [info] fatal: ref refs/remotes/origin/HEAD is not a symbolic ref
2024-07-20 17:45:35.153 [info] GitHistoryProvider:resolveHistoryItemGroupUpstreamOrBase - Failed to resolve history item group base for 'refs/heads/main'
2024-07-20 17:45:35.153 [info] GitHistoryProvider:resolveHistoryItemGroupCommonAncestor - Failed to resolve history item group base for 'refs/heads/main'
2024-07-20 17:45:35.614 [info] > git for-each-ref --format=%(refname)%00%(upstream:short)%00%(objectname)%00%(upstream:track)%00%(upstream:remotename)%00%(upstream:remoteref) refs/heads/main [2ms]
2024-07-20 17:45:35.621 [info] > git for-each-ref --format=%(refname)%00%(upstream:short)%00%(objectname)%00%(upstream:track)%00%(upstream:remotename)%00%(upstream:remoteref) refs/heads/main [1ms]
2024-07-20 17:45:35.625 [info] > git config --local branch.main.vscode-merge-base [1ms]
2024-07-20 17:45:35.626 [warning] git config failed: Failed to execute git
2024-07-20 17:45:35.631 [info] > git reflog refs/heads/main --grep-reflog=branch: Created from *. [3ms]
2024-07-20 17:45:35.635 [info] > git symbolic-ref --short refs/remotes/origin/HEAD [1ms]
2024-07-20 17:45:35.636 [info] fatal: ref refs/remotes/origin/HEAD is not a symbolic ref
2024-07-20 17:45:35.636 [info] GitHistoryProvider:resolveHistoryItemGroupUpstreamOrBase - Failed to resolve history item group base for 'refs/heads/main'
2024-07-20 17:45:35.636 [info] GitHistoryProvider:resolveHistoryItemGroupCommonAncestor - Failed to resolve history item group base for 'refs/heads/main'
2024-07-20 17:45:40.066 [info] > git ls-files --stage -- /home/azureuser/.vscode-server/.cli.f1e16e1e6214d7c44d078b1f0607b2388f29d729.log [6ms]
2024-07-20 17:45:40.073 [info] > git cat-file -s eecb42bfed3fd85ec81f9018c7e95b0078e4ff36 [2ms]
2024-07-20 17:45:40.415 [info] > git show --textconv :.vscode-server/.cli.f1e16e1e6214d7c44d078b1f0607b2388f29d729.log [5ms]
2024-07-20 17:47:10.716 [info] > git -c user.useConfigOnly=true commit --quiet --allow-empty-message --file - [40ms]
2024-07-20 17:47:10.716 [info] Author identity unknown

*** Please tell me who you are.

Run

  git config --global user.email "you@example.com"
  git config --global user.name "Your Name"

to set your account's default identity.
Omit --global to set the identity only in this repository.

fatal: no email was given and auto-detection is disabled
2024-07-20 17:47:10.721 [info] > git config --get-all user.name [1ms]
2024-07-20 17:47:10.727 [info] > git config --get-all user.email [2ms]
2024-07-20 17:47:10.736 [info] > git config --get commit.template [4ms]
2024-07-20 17:47:10.738 [info] > git for-each-ref --format=%(refname)%00%(upstream:short)%00%(objectname)%00%(upstream:track)%00%(upstream:remotename)%00%(upstream:remoteref) refs/heads/main refs/remotes/main [3ms]
2024-07-20 17:47:10.816 [info] > git status -z -uall [74ms]
2024-07-20 17:47:10.826 [info] > git for-each-ref --format=%(refname)%00%(upstream:short)%00%(objectname)%00%(upstream:track)%00%(upstream:remotename)%00%(upstream:remoteref) refs/heads/main refs/remotes/main [5ms]
2024-07-20 17:47:10.832 [info] > git config --local branch.main.vscode-merge-base [1ms]
2024-07-20 17:47:10.832 [warning] git config failed: Failed to execute git
2024-07-20 17:47:10.838 [info] > git reflog main --grep-reflog=branch: Created from *. [3ms]
2024-07-20 17:47:10.843 [info] > git symbolic-ref --short refs/remotes/origin/HEAD [2ms]
2024-07-20 17:47:10.843 [info] fatal: ref refs/remotes/origin/HEAD is not a symbolic ref
2024-07-20 17:47:11.000 [info] > git for-each-ref --format=%(refname)%00%(upstream:short)%00%(objectname)%00%(upstream:track)%00%(upstream:remotename)%00%(upstream:remoteref) refs/heads/main [2ms]
2024-07-20 17:47:11.006 [info] > git for-each-ref --format=%(refname)%00%(upstream:short)%00%(objectname)%00%(upstream:track)%00%(upstream:remotename)%00%(upstream:remoteref) refs/heads/main [1ms]
2024-07-20 17:47:11.011 [info] > git config --local branch.main.vscode-merge-base [2ms]
2024-07-20 17:47:11.012 [warning] git config failed: Failed to execute git
2024-07-20 17:47:11.018 [info] > git reflog refs/heads/main --grep-reflog=branch: Created from *. [3ms]
2024-07-20 17:47:11.025 [info] > git symbolic-ref --short refs/remotes/origin/HEAD [3ms]
2024-07-20 17:47:11.025 [info] fatal: ref refs/remotes/origin/HEAD is not a symbolic ref
2024-07-20 17:47:11.026 [info] GitHistoryProvider:resolveHistoryItemGroupUpstreamOrBase - Failed to resolve history item group base for 'refs/heads/main'
2024-07-20 17:47:11.026 [info] GitHistoryProvider:resolveHistoryItemGroupCommonAncestor - Failed to resolve history item group base for 'refs/heads/main'
2024-07-20 17:47:11.409 [info] > git for-each-ref --format=%(refname)%00%(upstream:short)%00%(objectname)%00%(upstream:track)%00%(upstream:remotename)%00%(upstream:remoteref) refs/heads/main [2ms]
2024-07-20 17:47:11.415 [info] > git for-each-ref --format=%(refname)%00%(upstream:short)%00%(objectname)%00%(upstream:track)%00%(upstream:remotename)%00%(upstream:remoteref) refs/heads/main [2ms]
2024-07-20 17:47:11.420 [info] > git config --local branch.main.vscode-merge-base [2ms]
2024-07-20 17:47:11.420 [warning] git config failed: Failed to execute git
2024-07-20 17:47:11.427 [info] > git reflog refs/heads/main --grep-reflog=branch: Created from *. [3ms]
2024-07-20 17:47:11.432 [info] > git symbolic-ref --short refs/remotes/origin/HEAD [2ms]
2024-07-20 17:47:11.432 [info] fatal: ref refs/remotes/origin/HEAD is not a symbolic ref
2024-07-20 17:47:11.433 [info] GitHistoryProvider:resolveHistoryItemGroupUpstreamOrBase - Failed to resolve history item group base for 'refs/heads/main'
2024-07-20 17:47:11.433 [info] GitHistoryProvider:resolveHistoryItemGroupCommonAncestor - Failed to resolve history item group base for 'refs/heads/main'
2024-07-20 17:47:11.947 [info] > git check-ignore -v -z --stdin [5ms]
2024-07-20 17:48:42.368 [info] > git config --get commit.template [6ms]
2024-07-20 17:48:42.371 [info] > git for-each-ref --format=%(refname)%00%(upstream:short)%00%(objectname)%00%(upstream:track)%00%(upstream:remotename)%00%(upstream:remoteref) refs/heads/main refs/remotes/main [4ms]
2024-07-20 17:48:42.450 [info] > git status -z -uall [70ms]
2024-07-20 17:48:42.457 [info] > git for-each-ref --format=%(refname)%00%(upstream:short)%00%(objectname)%00%(upstream:track)%00%(upstream:remotename)%00%(upstream:remoteref) refs/heads/main refs/remotes/main [3ms]
2024-07-20 17:48:42.464 [info] > git config --local branch.main.vscode-merge-base [1ms]
2024-07-20 17:48:42.464 [warning] git config failed: Failed to execute git
2024-07-20 17:48:42.472 [info] > git reflog main --grep-reflog=branch: Created from *. [1ms]
2024-07-20 17:48:42.479 [info] > git symbolic-ref --short refs/remotes/origin/HEAD [1ms]
2024-07-20 17:48:42.479 [info] fatal: ref refs/remotes/origin/HEAD is not a symbolic ref
2024-07-20 17:49:10.303 [info] > git for-each-ref --format=%(refname)%00%(upstream:short)%00%(objectname)%00%(upstream:track)%00%(upstream:remotename)%00%(upstream:remoteref) refs/heads/main [2ms]
2024-07-20 17:49:10.311 [info] > git for-each-ref --format=%(refname)%00%(upstream:short)%00%(objectname)%00%(upstream:track)%00%(upstream:remotename)%00%(upstream:remoteref) refs/heads/main [1ms]
2024-07-20 17:49:10.318 [info] > git config --local branch.main.vscode-merge-base [3ms]
2024-07-20 17:49:10.319 [warning] git config failed: Failed to execute git
2024-07-20 17:49:10.325 [info] > git reflog refs/heads/main --grep-reflog=branch: Created from *. [2ms]
2024-07-20 17:49:10.329 [info] > git symbolic-ref --short refs/remotes/origin/HEAD [2ms]
2024-07-20 17:49:10.329 [info] fatal: ref refs/remotes/origin/HEAD is not a symbolic ref
2024-07-20 17:49:10.330 [info] GitHistoryProvider:resolveHistoryItemGroupUpstreamOrBase - Failed to resolve history item group base for 'refs/heads/main'
2024-07-20 17:49:10.330 [info] GitHistoryProvider:resolveHistoryItemGroupCommonAncestor - Failed to resolve history item group base for 'refs/heads/main'
2024-07-20 17:49:10.739 [info] > git for-each-ref --format=%(refname)%00%(upstream:short)%00%(objectname)%00%(upstream:track)%00%(upstream:remotename)%00%(upstream:remoteref) refs/heads/main [1ms]
2024-07-20 17:49:10.745 [info] > git for-each-ref --format=%(refname)%00%(upstream:short)%00%(objectname)%00%(upstream:track)%00%(upstream:remotename)%00%(upstream:remoteref) refs/heads/main [2ms]
2024-07-20 17:49:10.752 [info] > git config --local branch.main.vscode-merge-base [3ms]
2024-07-20 17:49:10.752 [warning] git config failed: Failed to execute git
2024-07-20 17:49:10.761 [info] > git reflog refs/heads/main --grep-reflog=branch: Created from *. [5ms]
2024-07-20 17:49:10.769 [info] > git symbolic-ref --short refs/remotes/origin/HEAD [4ms]
2024-07-20 17:49:10.769 [info] fatal: ref refs/remotes/origin/HEAD is not a symbolic ref
2024-07-20 17:49:10.769 [info] GitHistoryProvider:resolveHistoryItemGroupUpstreamOrBase - Failed to resolve history item group base for 'refs/heads/main'
2024-07-20 17:49:10.771 [info] GitHistoryProvider:resolveHistoryItemGroupCommonAncestor - Failed to resolve history item group base for 'refs/heads/main'
2024-07-20 17:49:10.941 [info] > git push -u Server-Monitor main [960ms]
2024-07-20 17:49:10.942 [info] Everything up-to-date
2024-07-20 17:49:10.952 [info] > git config --get commit.template [3ms]
2024-07-20 17:49:10.961 [info] > git for-each-ref --format=%(refname)%00%(upstream:short)%00%(objectname)%00%(upstream:track)%00%(upstream:remotename)%00%(upstream:remoteref) refs/heads/main refs/remotes/main [1ms]
2024-07-20 17:49:11.042 [info] > git status -z -uall [75ms]
2024-07-20 17:49:11.060 [info] > git for-each-ref --format=%(refname)%00%(upstream:short)%00%(objectname)%00%(upstream:track)%00%(upstream:remotename)%00%(upstream:remoteref) refs/heads/main refs/remotes/main [13ms]
2024-07-20 17:49:11.067 [info] > git config --get commit.template [8ms]
2024-07-20 17:49:11.072 [info] > git config --local branch.main.vscode-merge-base [6ms]
2024-07-20 17:49:11.072 [warning] git config failed: Failed to execute git
2024-07-20 17:49:11.078 [info] > git for-each-ref --format=%(refname)%00%(upstream:short)%00%(objectname)%00%(upstream:track)%00%(upstream:remotename)%00%(upstream:remoteref) refs/heads/main refs/remotes/main [7ms]
2024-07-20 17:49:11.085 [info] > git reflog main --grep-reflog=branch: Created from *. [9ms]
2024-07-20 17:49:11.094 [info] > git symbolic-ref --short refs/remotes/origin/HEAD [3ms]
2024-07-20 17:49:11.094 [info] fatal: ref refs/remotes/origin/HEAD is not a symbolic ref
2024-07-20 17:49:11.128 [info] > git merge-base refs/heads/main refs/remotes/Server-Monitor/main [22ms]
2024-07-20 17:49:11.138 [info] > git rev-list --count --left-right refs/heads/main...refs/remotes/Server-Monitor/main [4ms]
2024-07-20 17:49:11.158 [info] > git diff --name-status -z --diff-filter=ADMR 877d30da2e258235537010cb2b840daec072e117...refs/remotes/Server-Monitor/main [14ms]
2024-07-20 17:49:11.184 [info] > git status -z -uall [101ms]
2024-07-20 17:49:11.192 [info] > git for-each-ref --format=%(refname)%00%(upstream:short)%00%(objectname)%00%(upstream:track)%00%(upstream:remotename)%00%(upstream:remoteref) refs/heads/main refs/remotes/main [2ms]
2024-07-20 17:49:11.197 [info] > git config --local branch.main.vscode-merge-base [1ms]
2024-07-20 17:49:11.197 [warning] git config failed: Failed to execute git
2024-07-20 17:49:11.204 [info] > git reflog main --grep-reflog=branch: Created from *. [4ms]
2024-07-20 17:49:11.208 [info] > git symbolic-ref --short refs/remotes/origin/HEAD [1ms]
2024-07-20 17:49:11.209 [info] fatal: ref refs/remotes/origin/HEAD is not a symbolic ref
2024-07-20 17:49:11.378 [info] > git for-each-ref --format=%(refname)%00%(upstream:short)%00%(objectname)%00%(upstream:track)%00%(upstream:remotename)%00%(upstream:remoteref) refs/heads/main [4ms]
2024-07-20 17:49:11.386 [info] > git merge-base refs/heads/main refs/remotes/Server-Monitor/main [3ms]
2024-07-20 17:49:11.393 [info] > git rev-list --count --left-right refs/heads/main...refs/remotes/Server-Monitor/main [3ms]
2024-07-20 17:49:12.897 [info] > git ls-files --stage -- /home/azureuser/.vscode-server/.cli.f1e16e1e6214d7c44d078b1f0607b2388f29d729.log [5ms]
2024-07-20 17:49:12.903 [info] > git cat-file -s eecb42bfed3fd85ec81f9018c7e95b0078e4ff36 [2ms]
2024-07-20 17:49:13.224 [info] > git show --textconv :.vscode-server/.cli.f1e16e1e6214d7c44d078b1f0607b2388f29d729.log [5ms]
2024-07-20 17:49:34.674 [info] > git -c user.useConfigOnly=true commit --quiet --allow-empty-message --file - [35ms]
2024-07-20 17:49:34.674 [info] Author identity unknown

*** Please tell me who you are.

Run

  git config --global user.email "you@example.com"
  git config --global user.name "Your Name"

to set your account's default identity.
Omit --global to set the identity only in this repository.

fatal: no email was given and auto-detection is disabled
2024-07-20 17:49:34.679 [info] > git config --get-all user.name [2ms]
2024-07-20 17:49:34.684 [info] > git config --get-all user.email [2ms]
2024-07-20 17:49:34.693 [info] > git config --get commit.template [4ms]
2024-07-20 17:49:34.694 [info] > git for-each-ref --format=%(refname)%00%(upstream:short)%00%(objectname)%00%(upstream:track)%00%(upstream:remotename)%00%(upstream:remoteref) refs/heads/main refs/remotes/main [2ms]
2024-07-20 17:49:34.771 [info] > git status -z -uall [73ms]
2024-07-20 17:49:34.780 [info] > git for-each-ref --format=%(refname)%00%(upstream:short)%00%(objectname)%00%(upstream:track)%00%(upstream:remotename)%00%(upstream:remoteref) refs/heads/main refs/remotes/main [4ms]
2024-07-20 17:49:34.785 [info] > git config --local branch.main.vscode-merge-base [1ms]
2024-07-20 17:49:34.786 [warning] git config failed: Failed to execute git
2024-07-20 17:49:34.791 [info] > git reflog main --grep-reflog=branch: Created from *. [2ms]
2024-07-20 17:49:34.796 [info] > git symbolic-ref --short refs/remotes/origin/HEAD [2ms]
2024-07-20 17:49:34.796 [info] fatal: ref refs/remotes/origin/HEAD is not a symbolic ref
2024-07-20 17:49:59.393 [info] > git config --get commit.template [3ms]
2024-07-20 17:49:59.394 [info] > git for-each-ref --format=%(refname)%00%(upstream:short)%00%(objectname)%00%(upstream:track)%00%(upstream:remotename)%00%(upstream:remoteref) refs/heads/main refs/remotes/main [2ms]
2024-07-20 17:49:59.465 [info] > git log --oneline --cherry main...main@{upstream} -- [7ms]
2024-07-20 17:49:59.494 [info] > git status -z -uall [97ms]
2024-07-20 17:49:59.511 [info] > git for-each-ref --format=%(refname)%00%(upstream:short)%00%(objectname)%00%(upstream:track)%00%(upstream:remotename)%00%(upstream:remoteref) refs/heads/main refs/remotes/main [10ms]
2024-07-20 17:49:59.518 [info] > git config --local branch.main.vscode-merge-base [2ms]
2024-07-20 17:49:59.519 [warning] git config failed: Failed to execute git
2024-07-20 17:49:59.526 [info] > git reflog main --grep-reflog=branch: Created from *. [4ms]
2024-07-20 17:49:59.532 [info] > git symbolic-ref --short refs/remotes/origin/HEAD [3ms]
2024-07-20 17:49:59.532 [info] fatal: ref refs/remotes/origin/HEAD is not a symbolic ref
2024-07-20 17:49:59.661 [info] > git pull --tags Server-Monitor main [190ms]
2024-07-20 17:49:59.661 [info] From https://github.com/Karagwa/Server-Monitor
 * branch            main       -> FETCH_HEAD
2024-07-20 17:49:59.670 [info] > git config --get commit.template [5ms]
2024-07-20 17:49:59.671 [info] > git for-each-ref --format=%(refname)%00%(upstream:short)%00%(objectname)%00%(upstream:track)%00%(upstream:remotename)%00%(upstream:remoteref) refs/heads/main refs/remotes/main [3ms]
2024-07-20 17:49:59.752 [info] > git status -z -uall [77ms]
2024-07-20 17:49:59.761 [info] > git for-each-ref --format=%(refname)%00%(upstream:short)%00%(objectname)%00%(upstream:track)%00%(upstream:remotename)%00%(upstream:remoteref) refs/heads/main refs/remotes/main [5ms]
2024-07-20 17:49:59.766 [info] > git config --local branch.main.vscode-merge-base [1ms]
2024-07-20 17:49:59.767 [warning] git config failed: Failed to execute git
2024-07-20 17:49:59.774 [info] > git reflog main --grep-reflog=branch: Created from *. [3ms]
2024-07-20 17:49:59.778 [info] > git symbolic-ref --short refs/remotes/origin/HEAD [2ms]
2024-07-20 17:49:59.779 [info] fatal: ref refs/remotes/origin/HEAD is not a symbolic ref
2024-07-20 17:50:01.597 [info] > git ls-files --stage -- /home/azureuser/.vscode-server/.cli.f1e16e1e6214d7c44d078b1f0607b2388f29d729.log [6ms]
2024-07-20 17:50:01.602 [info] > git cat-file -s eecb42bfed3fd85ec81f9018c7e95b0078e4ff36 [2ms]
2024-07-20 17:50:01.916 [info] > git show --textconv :.vscode-server/.cli.f1e16e1e6214d7c44d078b1f0607b2388f29d729.log [5ms]
2024-07-20 17:52:56.876 [info] > git config --get commit.template [4ms]
2024-07-20 17:52:56.878 [info] > git for-each-ref --format=%(refname)%00%(upstream:short)%00%(objectname)%00%(upstream:track)%00%(upstream:remotename)%00%(upstream:remoteref) refs/heads/main refs/remotes/main [2ms]
2024-07-20 17:52:56.954 [info] > git status -z -uall [73ms]
2024-07-20 17:52:56.962 [info] > git for-each-ref --format=%(refname)%00%(upstream:short)%00%(objectname)%00%(upstream:track)%00%(upstream:remotename)%00%(upstream:remoteref) refs/heads/main refs/remotes/main [3ms]
2024-07-20 17:52:56.966 [info] > git config --local branch.main.vscode-merge-base [2ms]
2024-07-20 17:52:56.967 [warning] git config failed: Failed to execute git
2024-07-20 17:52:56.972 [info] > git reflog main --grep-reflog=branch: Created from *. [3ms]
2024-07-20 17:52:56.976 [info] > git symbolic-ref --short refs/remotes/origin/HEAD [2ms]
2024-07-20 17:52:56.976 [info] fatal: ref refs/remotes/origin/HEAD is not a symbolic ref
2024-07-20 17:53:01.972 [info] > git for-each-ref --format=%(refname)%00%(upstream:short)%00%(objectname)%00%(upstream:track)%00%(upstream:remotename)%00%(upstream:remoteref) refs/heads/main refs/remotes/main [3ms]
2024-07-20 17:53:01.973 [info] > git config --get commit.template [8ms]
2024-07-20 17:53:02.053 [info] > git status -z -uall [75ms]
2024-07-20 17:53:02.062 [info] > git for-each-ref --format=%(refname)%00%(upstream:short)%00%(objectname)%00%(upstream:track)%00%(upstream:remotename)%00%(upstream:remoteref) refs/heads/main refs/remotes/main [3ms]
2024-07-20 17:53:02.067 [info] > git config --local branch.main.vscode-merge-base [1ms]
2024-07-20 17:53:02.068 [warning] git config failed: Failed to execute git
2024-07-20 17:53:02.074 [info] > git reflog main --grep-reflog=branch: Created from *. [3ms]
2024-07-20 17:53:02.078 [info] > git symbolic-ref --short refs/remotes/origin/HEAD [1ms]
2024-07-20 17:53:02.079 [info] fatal: ref refs/remotes/origin/HEAD is not a symbolic ref
2024-07-20 17:53:05.800 [info] > git check-ignore -v -z --stdin [24ms]
2024-07-20 17:53:07.069 [info] > git config --get commit.template [4ms]
2024-07-20 17:53:07.071 [info] > git for-each-ref --format=%(refname)%00%(upstream:short)%00%(objectname)%00%(upstream:track)%00%(upstream:remotename)%00%(upstream:remoteref) refs/heads/main refs/remotes/main [2ms]
2024-07-20 17:53:07.148 [info] > git status -z -uall [74ms]
2024-07-20 17:53:07.156 [info] > git for-each-ref --format=%(refname)%00%(upstream:short)%00%(objectname)%00%(upstream:track)%00%(upstream:remotename)%00%(upstream:remoteref) refs/heads/main refs/remotes/main [4ms]
2024-07-20 17:53:07.162 [info] > git config --local branch.main.vscode-merge-base [1ms]
2024-07-20 17:53:07.162 [warning] git config failed: Failed to execute git
2024-07-20 17:53:07.169 [info] > git reflog main --grep-reflog=branch: Created from *. [2ms]
2024-07-20 17:53:07.173 [info] > git symbolic-ref --short refs/remotes/origin/HEAD [1ms]
2024-07-20 17:53:07.174 [info] fatal: ref refs/remotes/origin/HEAD is not a symbolic ref
2024-07-20 17:53:12.167 [info] > git config --get commit.template [6ms]
2024-07-20 17:53:12.169 [info] > git for-each-ref --format=%(refname)%00%(upstream:short)%00%(objectname)%00%(upstream:track)%00%(upstream:remotename)%00%(upstream:remoteref) refs/heads/main refs/remotes/main [3ms]
2024-07-20 17:53:12.260 [info] > git status -z -uall [88ms]
2024-07-20 17:53:12.268 [info] > git for-each-ref --format=%(refname)%00%(upstream:short)%00%(objectname)%00%(upstream:track)%00%(upstream:remotename)%00%(upstream:remoteref) refs/heads/main refs/remotes/main [2ms]
2024-07-20 17:53:12.273 [info] > git config --local branch.main.vscode-merge-base [1ms]
2024-07-20 17:53:12.273 [warning] git config failed: Failed to execute git
2024-07-20 17:53:12.278 [info] > git reflog main --grep-reflog=branch: Created from *. [2ms]
2024-07-20 17:53:12.285 [info] > git symbolic-ref --short refs/remotes/origin/HEAD [4ms]
2024-07-20 17:53:12.285 [info] fatal: ref refs/remotes/origin/HEAD is not a symbolic ref
