2024-07-20 17:54:43.373 [info] Log level: Info
2024-07-20 17:54:43.373 [info] Validating found git in: "git"
2024-07-20 17:54:43.373 [info] Using git "2.34.1" from "git"
2024-07-20 17:54:43.373 [info] > git rev-parse --show-toplevel [3ms]
2024-07-20 17:54:43.374 [info] > git rev-parse --git-dir --git-common-dir [2ms]
2024-07-20 17:54:43.374 [info] Open repository: /home/azureuser
2024-07-20 17:54:43.374 [info] > git config --get commit.template [18ms]
2024-07-20 17:54:43.374 [info] > git rev-parse --show-toplevel [14ms]
2024-07-20 17:54:43.374 [info] > git for-each-ref --format=%(refname)%00%(upstream:short)%00%(objectname)%00%(upstream:track)%00%(upstream:remotename)%00%(upstream:remoteref) refs/heads/main refs/remotes/main [4ms]
2024-07-20 17:54:43.374 [info] > git status -z -uall [99ms]
2024-07-20 17:54:43.374 [info] > git for-each-ref --format=%(refname)%00%(upstream:short)%00%(objectname)%00%(upstream:track)%00%(upstream:remotename)%00%(upstream:remoteref) refs/heads/main refs/remotes/main [12ms]
2024-07-20 17:54:43.374 [info] > git config --get commit.template [6ms]
2024-07-20 17:54:43.374 [info] > git config --local branch.main.vscode-merge-base [5ms]
2024-07-20 17:54:43.374 [warning] git config failed: Failed to execute git
2024-07-20 17:54:43.374 [info] > git for-each-ref --format=%(refname)%00%(upstream:short)%00%(objectname)%00%(upstream:track)%00%(upstream:remotename)%00%(upstream:remoteref) refs/heads/main refs/remotes/main [6ms]
2024-07-20 17:54:43.374 [info] > git reflog main --grep-reflog=branch: Created from *. [5ms]
2024-07-20 17:54:43.374 [info] > git symbolic-ref --short refs/remotes/origin/HEAD [3ms]
2024-07-20 17:54:43.374 [info] fatal: ref refs/remotes/origin/HEAD is not a symbolic ref
2024-07-20 17:54:43.374 [info] > git fetch [229ms]
2024-07-20 17:54:43.374 [info] > git status -z -uall [56ms] (cancelled)
2024-07-20 17:54:43.374 [info] > git merge-base refs/heads/main refs/remotes/Server-Monitor/main [31ms]
2024-07-20 17:54:43.374 [info] > git config --get commit.template [7ms]
2024-07-20 17:54:43.374 [info] > git rev-list --count --left-right refs/heads/main...refs/remotes/Server-Monitor/main [6ms]
2024-07-20 17:54:43.374 [info] > git diff --name-status -z --diff-filter=ADMR 877d30da2e258235537010cb2b840daec072e117...refs/remotes/Server-Monitor/main [24ms]
2024-07-20 17:54:43.374 [info] > git for-each-ref --format=%(refname)%00%(upstream:short)%00%(objectname)%00%(upstream:track)%00%(upstream:remotename)%00%(upstream:remoteref) refs/heads/main refs/remotes/main [30ms]
2024-07-20 17:54:43.374 [info] > git status -z -uall [78ms]
2024-07-20 17:54:43.374 [info] > git for-each-ref --format=%(refname)%00%(upstream:short)%00%(objectname)%00%(upstream:track)%00%(upstream:remotename)%00%(upstream:remoteref) refs/heads/main refs/remotes/main [6ms]
2024-07-20 17:54:43.374 [info] > git config --local branch.main.vscode-merge-base [1ms]
2024-07-20 17:54:43.374 [warning] git config failed: Failed to execute git
2024-07-20 17:54:43.374 [info] > git reflog main --grep-reflog=branch: Created from *. [3ms]
2024-07-20 17:54:43.374 [info] > git symbolic-ref --short refs/remotes/origin/HEAD [1ms]
2024-07-20 17:54:43.374 [info] fatal: ref refs/remotes/origin/HEAD is not a symbolic ref
2024-07-20 17:54:47.082 [info] > git check-ignore -v -z --stdin [8ms]
2024-07-20 17:54:51.760 [info] > git config --get commit.template [4ms]
2024-07-20 17:54:51.761 [info] > git for-each-ref --format=%(refname)%00%(upstream:short)%00%(objectname)%00%(upstream:track)%00%(upstream:remotename)%00%(upstream:remoteref) refs/heads/main refs/remotes/main [3ms]
2024-07-20 17:54:51.842 [info] > git status -z -uall [77ms]
2024-07-20 17:54:51.851 [info] > git for-each-ref --format=%(refname)%00%(upstream:short)%00%(objectname)%00%(upstream:track)%00%(upstream:remotename)%00%(upstream:remoteref) refs/heads/main refs/remotes/main [3ms]
2024-07-20 17:54:51.856 [info] > git config --local branch.main.vscode-merge-base [2ms]
2024-07-20 17:54:51.857 [warning] git config failed: Failed to execute git
2024-07-20 17:54:51.863 [info] > git reflog main --grep-reflog=branch: Created from *. [3ms]
2024-07-20 17:54:51.868 [info] > git symbolic-ref --short refs/remotes/origin/HEAD [2ms]
2024-07-20 17:54:51.868 [info] fatal: ref refs/remotes/origin/HEAD is not a symbolic ref
2024-07-20 17:54:56.860 [info] > git config --get commit.template [5ms]
2024-07-20 17:54:56.862 [info] > git for-each-ref --format=%(refname)%00%(upstream:short)%00%(objectname)%00%(upstream:track)%00%(upstream:remotename)%00%(upstream:remoteref) refs/heads/main refs/remotes/main [3ms]
2024-07-20 17:54:56.959 [info] > git status -z -uall [81ms]
2024-07-20 17:54:56.968 [info] > git for-each-ref --format=%(refname)%00%(upstream:short)%00%(objectname)%00%(upstream:track)%00%(upstream:remotename)%00%(upstream:remoteref) refs/heads/main refs/remotes/main [4ms]
2024-07-20 17:54:56.974 [info] > git config --local branch.main.vscode-merge-base [1ms]
2024-07-20 17:54:56.974 [warning] git config failed: Failed to execute git
2024-07-20 17:54:56.980 [info] > git reflog main --grep-reflog=branch: Created from *. [3ms]
2024-07-20 17:54:56.985 [info] > git symbolic-ref --short refs/remotes/origin/HEAD [2ms]
2024-07-20 17:54:56.985 [info] fatal: ref refs/remotes/origin/HEAD is not a symbolic ref
2024-07-20 17:55:02.510 [info] > git config --get commit.template [0ms]
2024-07-20 17:55:02.516 [info] > git for-each-ref --format=%(refname)%00%(upstream:short)%00%(objectname)%00%(upstream:track)%00%(upstream:remotename)%00%(upstream:remoteref) refs/heads/main refs/remotes/main [2ms]
2024-07-20 17:55:02.603 [info] > git status -z -uall [83ms]
2024-07-20 17:55:02.614 [info] > git for-each-ref --format=%(refname)%00%(upstream:short)%00%(objectname)%00%(upstream:track)%00%(upstream:remotename)%00%(upstream:remoteref) refs/heads/main refs/remotes/main [5ms]
2024-07-20 17:55:02.621 [info] > git config --local branch.main.vscode-merge-base [2ms]
2024-07-20 17:55:02.622 [warning] git config failed: Failed to execute git
2024-07-20 17:55:02.628 [info] > git reflog main --grep-reflog=branch: Created from *. [3ms]
2024-07-20 17:55:02.634 [info] > git symbolic-ref --short refs/remotes/origin/HEAD [2ms]
2024-07-20 17:55:02.634 [info] fatal: ref refs/remotes/origin/HEAD is not a symbolic ref
2024-07-20 17:57:42.709 [info] > git fetch [130ms]
2024-07-20 17:57:42.718 [info] > git config --get commit.template [5ms]
2024-07-20 17:57:42.720 [info] > git for-each-ref --format=%(refname)%00%(upstream:short)%00%(objectname)%00%(upstream:track)%00%(upstream:remotename)%00%(upstream:remoteref) refs/heads/main refs/remotes/main [3ms]
2024-07-20 17:57:42.806 [info] > git status -z -uall [81ms]
2024-07-20 17:57:42.816 [info] > git for-each-ref --format=%(refname)%00%(upstream:short)%00%(objectname)%00%(upstream:track)%00%(upstream:remotename)%00%(upstream:remoteref) refs/heads/main refs/remotes/main [5ms]
2024-07-20 17:57:42.824 [info] > git config --local branch.main.vscode-merge-base [1ms]
2024-07-20 17:57:42.825 [warning] git config failed: Failed to execute git
2024-07-20 17:57:42.831 [info] > git reflog main --grep-reflog=branch: Created from *. [3ms]
2024-07-20 17:57:42.837 [info] > git symbolic-ref --short refs/remotes/origin/HEAD [1ms]
2024-07-20 17:57:42.838 [info] fatal: ref refs/remotes/origin/HEAD is not a symbolic ref
