2024-07-20 17:56:43.041 [info] Log level: Info
2024-07-20 17:56:43.042 [info] Validating found git in: "git"
2024-07-20 17:56:43.042 [info] Using git "2.34.1" from "git"
2024-07-20 17:56:43.043 [info] > git rev-parse --show-toplevel [11ms]
2024-07-20 17:56:43.043 [info] fatal: this operation must be run in a work tree
2024-07-20 17:56:43.043 [info] > git rev-parse --show-toplevel [2ms]
2024-07-20 17:56:43.043 [info] fatal: this operation must be run in a work tree
2024-07-20 17:56:43.044 [info] > git rev-parse --show-toplevel [1ms]
2024-07-20 17:56:43.044 [info] fatal: this operation must be run in a work tree
2024-07-20 17:56:43.044 [info] > git rev-parse --show-toplevel [2ms]
2024-07-20 17:56:43.044 [info] fatal: this operation must be run in a work tree
2024-07-20 17:56:43.044 [info] > git rev-parse --show-toplevel [10ms]
2024-07-20 17:56:43.045 [info] fatal: this operation must be run in a work tree
2024-07-20 17:56:43.045 [info] > git rev-parse --show-toplevel [2ms]
2024-07-20 17:56:43.045 [info] fatal: this operation must be run in a work tree
2024-07-20 17:56:43.046 [info] > git rev-parse --show-toplevel [2ms]
2024-07-20 17:56:43.046 [info] fatal: this operation must be run in a work tree
2024-07-20 17:57:43.666 [info] > git rev-parse --show-toplevel [1ms]
2024-07-20 17:57:43.672 [info] > git rev-parse --git-dir --git-common-dir [2ms]
2024-07-20 17:57:43.689 [info] Open repository: /home/azureuser
2024-07-20 17:57:43.711 [info] > git config --get commit.template [11ms]
2024-07-20 17:57:43.713 [info] > git for-each-ref --format=%(refname)%00%(upstream:short)%00%(objectname)%00%(upstream:track)%00%(upstream:remotename)%00%(upstream:remoteref) refs/heads/main refs/remotes/main [4ms]
2024-07-20 17:57:43.826 [info] > git status -z -uall [106ms]
2024-07-20 17:57:43.855 [info] > git for-each-ref --format=%(refname)%00%(upstream:short)%00%(objectname)%00%(upstream:track)%00%(upstream:remotename)%00%(upstream:remoteref) refs/heads/main refs/remotes/main [23ms]
2024-07-20 17:57:43.867 [info] > git fetch [178ms]
2024-07-20 17:57:43.869 [info] > git config --local branch.main.vscode-merge-base [9ms]
2024-07-20 17:57:43.870 [warning] git config failed: Failed to execute git
2024-07-20 17:57:43.874 [info] > git config --get commit.template [20ms]
2024-07-20 17:57:43.879 [info] > git for-each-ref --format=%(refname)%00%(upstream:short)%00%(objectname)%00%(upstream:track)%00%(upstream:remotename)%00%(upstream:remoteref) refs/heads/main refs/remotes/main [13ms]
2024-07-20 17:57:43.881 [info] > git config --get commit.template [2ms]
2024-07-20 17:57:43.881 [info] > git reflog main --grep-reflog=branch: Created from *. [8ms]
2024-07-20 17:57:43.891 [info] > git symbolic-ref --short refs/remotes/origin/HEAD [6ms]
2024-07-20 17:57:43.891 [info] fatal: ref refs/remotes/origin/HEAD is not a symbolic ref
2024-07-20 17:57:43.899 [info] > git for-each-ref --format=%(refname)%00%(upstream:short)%00%(objectname)%00%(upstream:track)%00%(upstream:remotename)%00%(upstream:remoteref) refs/heads/main refs/remotes/main [10ms]
2024-07-20 17:57:43.901 [info] > git merge-base refs/heads/main refs/remotes/Server-Monitor/main [5ms]
2024-07-20 17:57:43.910 [info] > git rev-list --count --left-right refs/heads/main...refs/remotes/Server-Monitor/main [5ms]
2024-07-20 17:57:43.978 [info] > git diff --name-status -z --diff-filter=ADMR 877d30da2e258235537010cb2b840daec072e117...refs/remotes/Server-Monitor/main [54ms]
2024-07-20 17:57:44.015 [info] > git status -z -uall [106ms]
2024-07-20 17:57:44.025 [info] > git for-each-ref --format=%(refname)%00%(upstream:short)%00%(objectname)%00%(upstream:track)%00%(upstream:remotename)%00%(upstream:remoteref) refs/heads/main refs/remotes/main [5ms]
2024-07-20 17:57:44.030 [info] > git config --local branch.main.vscode-merge-base [2ms]
2024-07-20 17:57:44.030 [warning] git config failed: Failed to execute git
2024-07-20 17:57:44.037 [info] > git reflog main --grep-reflog=branch: Created from *. [4ms]
2024-07-20 17:57:44.042 [info] > git symbolic-ref --short refs/remotes/origin/HEAD [1ms]
2024-07-20 17:57:44.042 [info] fatal: ref refs/remotes/origin/HEAD is not a symbolic ref
2024-07-20 17:57:44.241 [info] > git merge-base refs/heads/main refs/remotes/Server-Monitor/main [3ms]
2024-07-20 17:57:44.250 [info] > git rev-list --count --left-right refs/heads/main...refs/remotes/Server-Monitor/main [3ms]
2024-07-20 17:57:45.322 [info] > git check-ignore -v -z --stdin [24ms]
2024-07-20 17:57:45.356 [info] > git config --get commit.template [7ms]
2024-07-20 17:57:45.362 [info] > git for-each-ref --format=%(refname)%00%(upstream:short)%00%(objectname)%00%(upstream:track)%00%(upstream:remotename)%00%(upstream:remoteref) refs/heads/main refs/remotes/main [7ms]
2024-07-20 17:57:45.480 [info] > git status -z -uall [111ms]
2024-07-20 17:57:45.491 [info] > git for-each-ref --format=%(refname)%00%(upstream:short)%00%(objectname)%00%(upstream:track)%00%(upstream:remotename)%00%(upstream:remoteref) refs/heads/main refs/remotes/main [5ms]
2024-07-20 17:57:45.499 [info] > git config --local branch.main.vscode-merge-base [3ms]
2024-07-20 17:57:45.499 [warning] git config failed: Failed to execute git
2024-07-20 17:57:45.508 [info] > git reflog main --grep-reflog=branch: Created from *. [4ms]
2024-07-20 17:57:45.515 [info] > git symbolic-ref --short refs/remotes/origin/HEAD [3ms]
2024-07-20 17:57:45.515 [info] fatal: ref refs/remotes/origin/HEAD is not a symbolic ref
2024-07-20 18:00:44.175 [info] > git fetch [144ms]
2024-07-20 18:00:44.187 [info] > git config --get commit.template [6ms]
2024-07-20 18:00:44.189 [info] > git for-each-ref --format=%(refname)%00%(upstream:short)%00%(objectname)%00%(upstream:track)%00%(upstream:remotename)%00%(upstream:remoteref) refs/heads/main refs/remotes/main [3ms]
2024-07-20 18:00:44.287 [info] > git status -z -uall [91ms]
2024-07-20 18:00:44.296 [info] > git for-each-ref --format=%(refname)%00%(upstream:short)%00%(objectname)%00%(upstream:track)%00%(upstream:remotename)%00%(upstream:remoteref) refs/heads/main refs/remotes/main [3ms]
2024-07-20 18:00:44.301 [info] > git config --local branch.main.vscode-merge-base [2ms]
2024-07-20 18:00:44.301 [warning] git config failed: Failed to execute git
2024-07-20 18:00:44.307 [info] > git reflog main --grep-reflog=branch: Created from *. [2ms]
2024-07-20 18:00:44.312 [info] > git symbolic-ref --short refs/remotes/origin/HEAD [2ms]
2024-07-20 18:00:44.312 [info] fatal: ref refs/remotes/origin/HEAD is not a symbolic ref
